[1.624s] Invoking command in '/mnt/c/Users/micah/Documents/SCMS_turtlebot/build/depth_follower': PYTHONPATH=/mnt/c/Users/micah/Documents/SCMS_turtlebot/build/depth_follower/prefix_override:/usr/lib/python3/dist-packages/colcon_core/task/python/colcon_distutils_commands:/mnt/c/Users/micah/Documents/SCMS_turtlebot/install/depth_follower/lib/python3.10/site-packages:${PYTHONPATH} /usr/bin/python3 -W ignore:setup.py install is deprecated -W ignore:easy_install command is deprecated setup.py develop --editable --build-directory /mnt/c/Users/micah/Documents/SCMS_turtlebot/build/depth_follower/build --no-deps symlink_data --force
[2.159s] running develop
[2.343s] running egg_info
[2.344s] writing depth_follower.egg-info/PKG-INFO
[2.350s] writing dependency_links to depth_follower.egg-info/dependency_links.txt
[2.353s] writing entry points to depth_follower.egg-info/entry_points.txt
[2.359s] writing requirements to depth_follower.egg-info/requires.txt
[2.362s] writing top-level names to depth_follower.egg-info/top_level.txt
[2.397s] reading manifest file 'depth_follower.egg-info/SOURCES.txt'
[2.442s] writing manifest file 'depth_follower.egg-info/SOURCES.txt'
[2.454s] running build_ext
[2.455s] Creating /mnt/c/Users/micah/Documents/SCMS_turtlebot/install/depth_follower/lib/python3.10/site-packages/depth-follower.egg-link (link to .)
[2.473s] Installing depth_follower_node script to /mnt/c/Users/micah/Documents/SCMS_turtlebot/install/depth_follower/lib/depth_follower
[2.492s] 
[2.493s] Installed /mnt/c/Users/micah/Documents/SCMS_turtlebot/build/depth_follower
[2.495s] running symlink_data
[2.510s] symbolically linking /mnt/c/Users/micah/Documents/SCMS_turtlebot/build/depth_follower/resource/depth_follower -> /mnt/c/Users/micah/Documents/SCMS_turtlebot/install/depth_follower/share/ament_index/resource_index/packages
[2.527s] symbolically linking /mnt/c/Users/micah/Documents/SCMS_turtlebot/build/depth_follower/package.xml -> /mnt/c/Users/micah/Documents/SCMS_turtlebot/install/depth_follower/share/depth_follower
[2.543s] symbolically linking /mnt/c/Users/micah/Documents/SCMS_turtlebot/build/depth_follower/launch/follower.launch.py -> /mnt/c/Users/micah/Documents/SCMS_turtlebot/install/depth_follower/share/depth_follower/launch
[2.559s] symbolically linking /mnt/c/Users/micah/Documents/SCMS_turtlebot/build/depth_follower/config/follower.params.yaml -> /mnt/c/Users/micah/Documents/SCMS_turtlebot/install/depth_follower/share/depth_follower/config
[2.581s] Invoked command in '/mnt/c/Users/micah/Documents/SCMS_turtlebot/build/depth_follower' returned '0': PYTHONPATH=/mnt/c/Users/micah/Documents/SCMS_turtlebot/build/depth_follower/prefix_override:/usr/lib/python3/dist-packages/colcon_core/task/python/colcon_distutils_commands:/mnt/c/Users/micah/Documents/SCMS_turtlebot/install/depth_follower/lib/python3.10/site-packages:${PYTHONPATH} /usr/bin/python3 -W ignore:setup.py install is deprecated -W ignore:easy_install command is deprecated setup.py develop --editable --build-directory /mnt/c/Users/micah/Documents/SCMS_turtlebot/build/depth_follower/build --no-deps symlink_data --force
