[3.648s] DEBUG:colcon:Command line arguments: ['/usr/bin/colcon', 'build', '--symlink-install']
[3.649s] DEBUG:colcon:Parsed command line arguments: Namespace(log_base=None, log_level=None, verb_name='build', build_base='build', install_base='install', merge_install=False, symlink_install=True, test_result_base=None, continue_on_error=False, executor='parallel', parallel_workers=22, event_handlers=None, ignore_user_meta=False, metas=['./colcon.meta'], base_paths=['.'], packages_ignore=None, packages_ignore_regex=None, paths=None, packages_up_to=None, packages_up_to_regex=None, packages_above=None, packages_above_and_dependencies=None, packages_above_depth=None, packages_select_by_dep=None, packages_skip_by_dep=None, packages_skip_up_to=None, packages_select_build_failed=False, packages_skip_build_finished=False, packages_select_test_failures=False, packages_skip_test_passed=False, packages_select=None, packages_skip=None, packages_select_regex=None, packages_skip_regex=None, packages_start=None, packages_end=None, allow_overriding=[], cmake_args=None, cmake_target=None, cmake_target_skip_unavailable=False, cmake_clean_cache=False, cmake_clean_first=False, cmake_force_configure=False, ament_cmake_args=None, catkin_cmake_args=None, catkin_skip_building_tests=False, mixin_files=None, mixin=None, verb_parser=<colcon_mixin.mixin.mixin_argument.MixinArgumentDecorator object at 0x7ad80c04ed40>, verb_extension=<colcon_core.verb.build.BuildVerb object at 0x7ad80c153b50>, main=<bound method BuildVerb.main of <colcon_core.verb.build.BuildVerb object at 0x7ad80c153b50>>, mixin_verb=('build',))
[4.230s] Level 1:colcon.colcon_core.package_discovery:discover_packages(colcon_meta) check parameters
[4.230s] Level 1:colcon.colcon_core.package_discovery:discover_packages(recursive) check parameters
[4.231s] Level 1:colcon.colcon_core.package_discovery:discover_packages(ignore) check parameters
[4.231s] Level 1:colcon.colcon_core.package_discovery:discover_packages(path) check parameters
[4.231s] Level 1:colcon.colcon_core.package_discovery:discover_packages(colcon_meta) discover
[4.232s] Level 1:colcon.colcon_core.package_discovery:discover_packages(recursive) discover
[4.232s] INFO:colcon.colcon_core.package_discovery:Crawling recursively for packages in '/mnt/c/Users/micah/Documents/SCMS_turtlebot'
[4.236s] Level 1:colcon.colcon_core.package_identification:_identify(.) by extensions ['ignore', 'ignore_ament_install']
[4.237s] Level 1:colcon.colcon_core.package_identification:_identify(.) by extension 'ignore'
[4.237s] Level 1:colcon.colcon_core.package_identification:_identify(.) by extension 'ignore_ament_install'
[4.239s] Level 1:colcon.colcon_core.package_identification:_identify(.) by extensions ['colcon_pkg']
[4.239s] Level 1:colcon.colcon_core.package_identification:_identify(.) by extension 'colcon_pkg'
[4.240s] Level 1:colcon.colcon_core.package_identification:_identify(.) by extensions ['colcon_meta']
[4.240s] Level 1:colcon.colcon_core.package_identification:_identify(.) by extension 'colcon_meta'
[4.240s] Level 1:colcon.colcon_core.package_identification:_identify(.) by extensions ['ros']
[4.241s] Level 1:colcon.colcon_core.package_identification:_identify(.) by extension 'ros'
[4.267s] Level 1:colcon.colcon_core.package_identification:_identify(.) by extensions ['cmake', 'python']
[4.268s] Level 1:colcon.colcon_core.package_identification:_identify(.) by extension 'cmake'
[4.269s] Level 1:colcon.colcon_core.package_identification:_identify(.) by extension 'python'
[4.269s] Level 1:colcon.colcon_core.package_identification:_identify(.) by extensions ['python_setup_py']
[4.270s] Level 1:colcon.colcon_core.package_identification:_identify(.) by extension 'python_setup_py'
[4.274s] Level 1:colcon.colcon_core.package_identification:_identify(build) by extensions ['ignore', 'ignore_ament_install']
[4.274s] Level 1:colcon.colcon_core.package_identification:_identify(build) by extension 'ignore'
[4.276s] Level 1:colcon.colcon_core.package_identification:_identify(build) ignored
[4.281s] Level 1:colcon.colcon_core.package_identification:_identify(install) by extensions ['ignore', 'ignore_ament_install']
[4.282s] Level 1:colcon.colcon_core.package_identification:_identify(install) by extension 'ignore'
[4.285s] Level 1:colcon.colcon_core.package_identification:_identify(install) ignored
[4.293s] Level 1:colcon.colcon_core.package_identification:_identify(log) by extensions ['ignore', 'ignore_ament_install']
[4.293s] Level 1:colcon.colcon_core.package_identification:_identify(log) by extension 'ignore'
[4.294s] Level 1:colcon.colcon_core.package_identification:_identify(log) ignored
[4.299s] Level 1:colcon.colcon_core.package_identification:_identify(src) by extensions ['ignore', 'ignore_ament_install']
[4.299s] Level 1:colcon.colcon_core.package_identification:_identify(src) by extension 'ignore'
[4.301s] Level 1:colcon.colcon_core.package_identification:_identify(src) by extension 'ignore_ament_install'
[4.303s] Level 1:colcon.colcon_core.package_identification:_identify(src) by extensions ['colcon_pkg']
[4.303s] Level 1:colcon.colcon_core.package_identification:_identify(src) by extension 'colcon_pkg'
[4.305s] Level 1:colcon.colcon_core.package_identification:_identify(src) by extensions ['colcon_meta']
[4.305s] Level 1:colcon.colcon_core.package_identification:_identify(src) by extension 'colcon_meta'
[4.307s] Level 1:colcon.colcon_core.package_identification:_identify(src) by extensions ['ros']
[4.308s] Level 1:colcon.colcon_core.package_identification:_identify(src) by extension 'ros'
[4.314s] Level 1:colcon.colcon_core.package_identification:_identify(src) by extensions ['cmake', 'python']
[4.315s] Level 1:colcon.colcon_core.package_identification:_identify(src) by extension 'cmake'
[4.316s] Level 1:colcon.colcon_core.package_identification:_identify(src) by extension 'python'
[4.318s] Level 1:colcon.colcon_core.package_identification:_identify(src) by extensions ['python_setup_py']
[4.318s] Level 1:colcon.colcon_core.package_identification:_identify(src) by extension 'python_setup_py'
[4.326s] Level 1:colcon.colcon_core.package_identification:_identify(src/depth_follower) by extensions ['ignore', 'ignore_ament_install']
[4.327s] Level 1:colcon.colcon_core.package_identification:_identify(src/depth_follower) by extension 'ignore'
[4.329s] Level 1:colcon.colcon_core.package_identification:_identify(src/depth_follower) by extension 'ignore_ament_install'
[4.334s] Level 1:colcon.colcon_core.package_identification:_identify(src/depth_follower) by extensions ['colcon_pkg']
[4.334s] Level 1:colcon.colcon_core.package_identification:_identify(src/depth_follower) by extension 'colcon_pkg'
[4.337s] Level 1:colcon.colcon_core.package_identification:_identify(src/depth_follower) by extensions ['colcon_meta']
[4.337s] Level 1:colcon.colcon_core.package_identification:_identify(src/depth_follower) by extension 'colcon_meta'
[4.340s] Level 1:colcon.colcon_core.package_identification:_identify(src/depth_follower) by extensions ['ros']
[4.340s] Level 1:colcon.colcon_core.package_identification:_identify(src/depth_follower) by extension 'ros'
[4.364s] DEBUG:colcon.colcon_core.package_identification:Package 'src/depth_follower' with type 'ros.ament_python' and name 'depth_follower'
[4.374s] Level 1:colcon.colcon_core.package_identification:_identify(src/warehouse_env) by extensions ['ignore', 'ignore_ament_install']
[4.374s] Level 1:colcon.colcon_core.package_identification:_identify(src/warehouse_env) by extension 'ignore'
[4.379s] Level 1:colcon.colcon_core.package_identification:_identify(src/warehouse_env) by extension 'ignore_ament_install'
[4.383s] Level 1:colcon.colcon_core.package_identification:_identify(src/warehouse_env) by extensions ['colcon_pkg']
[4.383s] Level 1:colcon.colcon_core.package_identification:_identify(src/warehouse_env) by extension 'colcon_pkg'
[4.385s] Level 1:colcon.colcon_core.package_identification:_identify(src/warehouse_env) by extensions ['colcon_meta']
[4.385s] Level 1:colcon.colcon_core.package_identification:_identify(src/warehouse_env) by extension 'colcon_meta'
[4.389s] Level 1:colcon.colcon_core.package_identification:_identify(src/warehouse_env) by extensions ['ros']
[4.389s] Level 1:colcon.colcon_core.package_identification:_identify(src/warehouse_env) by extension 'ros'
[4.412s] DEBUG:colcon.colcon_core.package_identification:Package 'src/warehouse_env' with type 'ros.ament_python' and name 'warehouse_env'
[4.413s] Level 1:colcon.colcon_core.package_discovery:discover_packages(recursive) using defaults
[4.413s] Level 1:colcon.colcon_core.package_discovery:discover_packages(ignore) discover
[4.414s] Level 1:colcon.colcon_core.package_discovery:discover_packages(ignore) using defaults
[4.414s] Level 1:colcon.colcon_core.package_discovery:discover_packages(path) discover
[4.414s] Level 1:colcon.colcon_core.package_discovery:discover_packages(path) using defaults
[4.683s] Level 1:colcon.colcon_core.package_discovery:discover_packages(prefix_path) check parameters
[4.684s] Level 1:colcon.colcon_core.package_discovery:discover_packages(prefix_path) discover
[4.805s] DEBUG:colcon.colcon_installed_package_information.package_discovery:Found 2 installed packages in /mnt/c/Users/micah/Documents/SCMS_turtlebot/install
[4.806s] DEBUG:colcon.colcon_installed_package_information.package_discovery:Found 0 installed packages in /home/mpatching/ros2_ws/install
[4.809s] DEBUG:colcon.colcon_installed_package_information.package_discovery:Found 420 installed packages in /opt/ros/humble
[4.813s] Level 1:colcon.colcon_core.package_discovery:discover_packages(prefix_path) using defaults
[4.922s] Level 5:colcon.colcon_core.verb:set package 'depth_follower' build argument 'cmake_args' from command line to 'None'
[4.922s] Level 5:colcon.colcon_core.verb:set package 'depth_follower' build argument 'cmake_target' from command line to 'None'
[4.923s] Level 5:colcon.colcon_core.verb:set package 'depth_follower' build argument 'cmake_target_skip_unavailable' from command line to 'False'
[4.923s] Level 5:colcon.colcon_core.verb:set package 'depth_follower' build argument 'cmake_clean_cache' from command line to 'False'
[4.923s] Level 5:colcon.colcon_core.verb:set package 'depth_follower' build argument 'cmake_clean_first' from command line to 'False'
[4.923s] Level 5:colcon.colcon_core.verb:set package 'depth_follower' build argument 'cmake_force_configure' from command line to 'False'
[4.924s] Level 5:colcon.colcon_core.verb:set package 'depth_follower' build argument 'ament_cmake_args' from command line to 'None'
[4.924s] Level 5:colcon.colcon_core.verb:set package 'depth_follower' build argument 'catkin_cmake_args' from command line to 'None'
[4.924s] Level 5:colcon.colcon_core.verb:set package 'depth_follower' build argument 'catkin_skip_building_tests' from command line to 'False'
[4.924s] DEBUG:colcon.colcon_core.verb:Building package 'depth_follower' with the following arguments: {'ament_cmake_args': None, 'build_base': '/mnt/c/Users/micah/Documents/SCMS_turtlebot/build/depth_follower', 'catkin_cmake_args': None, 'catkin_skip_building_tests': False, 'cmake_args': None, 'cmake_clean_cache': False, 'cmake_clean_first': False, 'cmake_force_configure': False, 'cmake_target': None, 'cmake_target_skip_unavailable': False, 'install_base': '/mnt/c/Users/micah/Documents/SCMS_turtlebot/install/depth_follower', 'merge_install': False, 'path': '/mnt/c/Users/micah/Documents/SCMS_turtlebot/src/depth_follower', 'symlink_install': True, 'test_result_base': None}
[4.925s] Level 5:colcon.colcon_core.verb:set package 'warehouse_env' build argument 'cmake_args' from command line to 'None'
[4.925s] Level 5:colcon.colcon_core.verb:set package 'warehouse_env' build argument 'cmake_target' from command line to 'None'
[4.926s] Level 5:colcon.colcon_core.verb:set package 'warehouse_env' build argument 'cmake_target_skip_unavailable' from command line to 'False'
[4.926s] Level 5:colcon.colcon_core.verb:set package 'warehouse_env' build argument 'cmake_clean_cache' from command line to 'False'
[4.926s] Level 5:colcon.colcon_core.verb:set package 'warehouse_env' build argument 'cmake_clean_first' from command line to 'False'
[4.926s] Level 5:colcon.colcon_core.verb:set package 'warehouse_env' build argument 'cmake_force_configure' from command line to 'False'
[4.927s] Level 5:colcon.colcon_core.verb:set package 'warehouse_env' build argument 'ament_cmake_args' from command line to 'None'
[4.927s] Level 5:colcon.colcon_core.verb:set package 'warehouse_env' build argument 'catkin_cmake_args' from command line to 'None'
[4.927s] Level 5:colcon.colcon_core.verb:set package 'warehouse_env' build argument 'catkin_skip_building_tests' from command line to 'False'
[4.927s] DEBUG:colcon.colcon_core.verb:Building package 'warehouse_env' with the following arguments: {'ament_cmake_args': None, 'build_base': '/mnt/c/Users/micah/Documents/SCMS_turtlebot/build/warehouse_env', 'catkin_cmake_args': None, 'catkin_skip_building_tests': False, 'cmake_args': None, 'cmake_clean_cache': False, 'cmake_clean_first': False, 'cmake_force_configure': False, 'cmake_target': None, 'cmake_target_skip_unavailable': False, 'install_base': '/mnt/c/Users/micah/Documents/SCMS_turtlebot/install/warehouse_env', 'merge_install': False, 'path': '/mnt/c/Users/micah/Documents/SCMS_turtlebot/src/warehouse_env', 'symlink_install': True, 'test_result_base': None}
[4.928s] INFO:colcon.colcon_core.executor:Executing jobs using 'parallel' executor
[4.929s] DEBUG:colcon.colcon_parallel_executor.executor.parallel:run_until_complete
[4.931s] INFO:colcon.colcon_ros.task.ament_python.build:Building ROS package in '/mnt/c/Users/micah/Documents/SCMS_turtlebot/src/depth_follower' with build type 'ament_python'
[4.932s] Level 1:colcon.colcon_core.shell:create_environment_hook('depth_follower', 'ament_prefix_path')
[4.966s] INFO:colcon.colcon_core.plugin_system:Skipping extension 'colcon_core.shell.bat': Not used on non-Windows systems
[4.967s] INFO:colcon.colcon_core.shell:Creating environment hook '/mnt/c/Users/micah/Documents/SCMS_turtlebot/install/depth_follower/share/depth_follower/hook/ament_prefix_path.ps1'
[5.001s] INFO:colcon.colcon_core.shell:Creating environment descriptor '/mnt/c/Users/micah/Documents/SCMS_turtlebot/install/depth_follower/share/depth_follower/hook/ament_prefix_path.dsv'
[5.033s] INFO:colcon.colcon_core.shell:Creating environment hook '/mnt/c/Users/micah/Documents/SCMS_turtlebot/install/depth_follower/share/depth_follower/hook/ament_prefix_path.sh'
[5.070s] INFO:colcon.colcon_core.shell:Skip shell extension 'powershell' for command environment: Not usable outside of PowerShell
[5.071s] DEBUG:colcon.colcon_core.shell:Skip shell extension 'dsv' for command environment
[5.193s] INFO:colcon.colcon_ros.task.ament_python.build:Building ROS package in '/mnt/c/Users/micah/Documents/SCMS_turtlebot/src/warehouse_env' with build type 'ament_python'
[5.193s] Level 1:colcon.colcon_core.shell:create_environment_hook('warehouse_env', 'ament_prefix_path')
[5.194s] INFO:colcon.colcon_core.shell:Creating environment hook '/mnt/c/Users/micah/Documents/SCMS_turtlebot/install/warehouse_env/share/warehouse_env/hook/ament_prefix_path.ps1'
[5.226s] INFO:colcon.colcon_core.shell:Creating environment descriptor '/mnt/c/Users/micah/Documents/SCMS_turtlebot/install/warehouse_env/share/warehouse_env/hook/ament_prefix_path.dsv'
[5.254s] INFO:colcon.colcon_core.shell:Creating environment hook '/mnt/c/Users/micah/Documents/SCMS_turtlebot/install/warehouse_env/share/warehouse_env/hook/ament_prefix_path.sh'
[5.286s] INFO:colcon.colcon_core.shell:Skip shell extension 'powershell' for command environment: Not usable outside of PowerShell
[5.286s] DEBUG:colcon.colcon_core.shell:Skip shell extension 'dsv' for command environment
[7.879s] INFO:colcon.colcon_core.task.python.build:Building Python package in '/mnt/c/Users/micah/Documents/SCMS_turtlebot/src/depth_follower'
[7.880s] INFO:colcon.colcon_core.shell:Skip shell extension 'powershell' for command environment: Not usable outside of PowerShell
[7.880s] DEBUG:colcon.colcon_core.shell:Skip shell extension 'dsv' for command environment
[10.218s] INFO:colcon.colcon_core.task.python.build:Building Python package in '/mnt/c/Users/micah/Documents/SCMS_turtlebot/src/warehouse_env'
[10.219s] INFO:colcon.colcon_core.shell:Skip shell extension 'powershell' for command environment: Not usable outside of PowerShell
[10.219s] DEBUG:colcon.colcon_core.shell:Skip shell extension 'dsv' for command environment
[13.231s] DEBUG:colcon.colcon_core.event_handler.log_command:Invoking command in '/mnt/c/Users/micah/Documents/SCMS_turtlebot/build/depth_follower': PYTHONPATH=/mnt/c/Users/micah/Documents/SCMS_turtlebot/build/depth_follower/prefix_override:/usr/lib/python3/dist-packages/colcon_core/task/python/colcon_distutils_commands:/mnt/c/Users/micah/Documents/SCMS_turtlebot/install/depth_follower/lib/python3.10/site-packages:${PYTHONPATH} /usr/bin/python3 -W ignore:setup.py install is deprecated -W ignore:easy_install command is deprecated setup.py develop --editable --build-directory /mnt/c/Users/micah/Documents/SCMS_turtlebot/build/depth_follower/build --no-deps symlink_data
[13.823s] DEBUG:colcon.colcon_core.event_handler.log_command:Invoking command in '/mnt/c/Users/micah/Documents/SCMS_turtlebot/build/warehouse_env': PYTHONPATH=/mnt/c/Users/micah/Documents/SCMS_turtlebot/build/warehouse_env/prefix_override:/usr/lib/python3/dist-packages/colcon_core/task/python/colcon_distutils_commands:/mnt/c/Users/micah/Documents/SCMS_turtlebot/install/warehouse_env/lib/python3.10/site-packages:${PYTHONPATH} /usr/bin/python3 -W ignore:setup.py install is deprecated -W ignore:easy_install command is deprecated setup.py develop --editable --build-directory /mnt/c/Users/micah/Documents/SCMS_turtlebot/build/warehouse_env/build --no-deps symlink_data
[16.440s] Level 1:colcon.colcon_core.shell:create_environment_hook('depth_follower', 'pythonpath_develop')
[16.441s] INFO:colcon.colcon_core.shell:Creating environment hook '/mnt/c/Users/micah/Documents/SCMS_turtlebot/build/depth_follower/share/depth_follower/hook/pythonpath_develop.ps1'
[16.442s] DEBUG:colcon.colcon_core.event_handler.log_command:Invoked command in '/mnt/c/Users/micah/Documents/SCMS_turtlebot/build/depth_follower' returned '0': PYTHONPATH=/mnt/c/Users/micah/Documents/SCMS_turtlebot/build/depth_follower/prefix_override:/usr/lib/python3/dist-packages/colcon_core/task/python/colcon_distutils_commands:/mnt/c/Users/micah/Documents/SCMS_turtlebot/install/depth_follower/lib/python3.10/site-packages:${PYTHONPATH} /usr/bin/python3 -W ignore:setup.py install is deprecated -W ignore:easy_install command is deprecated setup.py develop --editable --build-directory /mnt/c/Users/micah/Documents/SCMS_turtlebot/build/depth_follower/build --no-deps symlink_data
[16.466s] INFO:colcon.colcon_core.shell:Creating environment descriptor '/mnt/c/Users/micah/Documents/SCMS_turtlebot/build/depth_follower/share/depth_follower/hook/pythonpath_develop.dsv'
[16.488s] INFO:colcon.colcon_core.shell:Creating environment hook '/mnt/c/Users/micah/Documents/SCMS_turtlebot/build/depth_follower/share/depth_follower/hook/pythonpath_develop.sh'
[16.533s] Level 1:colcon.colcon_core.environment:checking '/mnt/c/Users/micah/Documents/SCMS_turtlebot/install/depth_follower' for CMake module files
[16.632s] Level 1:colcon.colcon_core.environment:checking '/mnt/c/Users/micah/Documents/SCMS_turtlebot/install/depth_follower' for CMake config files
[16.827s] Level 1:colcon.colcon_core.environment:checking '/mnt/c/Users/micah/Documents/SCMS_turtlebot/install/depth_follower/lib'
[16.834s] Level 1:colcon.colcon_core.environment:checking '/mnt/c/Users/micah/Documents/SCMS_turtlebot/install/depth_follower/bin'
[16.836s] Level 1:colcon.colcon_core.environment:checking '/mnt/c/Users/micah/Documents/SCMS_turtlebot/install/depth_follower/lib/pkgconfig/depth_follower.pc'
[16.839s] Level 1:colcon.colcon_core.environment:checking '/mnt/c/Users/micah/Documents/SCMS_turtlebot/install/depth_follower/lib/python3.10/site-packages'
[16.843s] Level 1:colcon.colcon_core.shell:create_environment_hook('depth_follower', 'pythonpath')
[16.843s] INFO:colcon.colcon_core.shell:Creating environment hook '/mnt/c/Users/micah/Documents/SCMS_turtlebot/install/depth_follower/share/depth_follower/hook/pythonpath.ps1'
[16.879s] INFO:colcon.colcon_core.shell:Creating environment descriptor '/mnt/c/Users/micah/Documents/SCMS_turtlebot/install/depth_follower/share/depth_follower/hook/pythonpath.dsv'
[16.907s] INFO:colcon.colcon_core.shell:Creating environment hook '/mnt/c/Users/micah/Documents/SCMS_turtlebot/install/depth_follower/share/depth_follower/hook/pythonpath.sh'
[16.936s] Level 1:colcon.colcon_core.environment:checking '/mnt/c/Users/micah/Documents/SCMS_turtlebot/install/depth_follower/bin'
[16.939s] Level 1:colcon.colcon_core.environment:create_environment_scripts_only(depth_follower)
[16.940s] INFO:colcon.colcon_core.shell:Creating package script '/mnt/c/Users/micah/Documents/SCMS_turtlebot/install/depth_follower/share/depth_follower/package.ps1'
[17.022s] INFO:colcon.colcon_core.shell:Creating package descriptor '/mnt/c/Users/micah/Documents/SCMS_turtlebot/install/depth_follower/share/depth_follower/package.dsv'
[17.048s] INFO:colcon.colcon_core.shell:Creating package script '/mnt/c/Users/micah/Documents/SCMS_turtlebot/install/depth_follower/share/depth_follower/package.sh'
[17.073s] INFO:colcon.colcon_core.shell:Creating package script '/mnt/c/Users/micah/Documents/SCMS_turtlebot/install/depth_follower/share/depth_follower/package.bash'
[17.104s] INFO:colcon.colcon_core.shell:Creating package script '/mnt/c/Users/micah/Documents/SCMS_turtlebot/install/depth_follower/share/depth_follower/package.zsh'
[17.134s] Level 1:colcon.colcon_core.environment:create_file_with_runtime_dependencies(/mnt/c/Users/micah/Documents/SCMS_turtlebot/install/depth_follower/share/colcon-core/packages/depth_follower)
[17.701s] Level 1:colcon.colcon_core.shell:create_environment_hook('warehouse_env', 'pythonpath_develop')
[17.702s] INFO:colcon.colcon_core.shell:Creating environment hook '/mnt/c/Users/micah/Documents/SCMS_turtlebot/build/warehouse_env/share/warehouse_env/hook/pythonpath_develop.ps1'
[17.706s] DEBUG:colcon.colcon_core.event_handler.log_command:Invoked command in '/mnt/c/Users/micah/Documents/SCMS_turtlebot/build/warehouse_env' returned '0': PYTHONPATH=/mnt/c/Users/micah/Documents/SCMS_turtlebot/build/warehouse_env/prefix_override:/usr/lib/python3/dist-packages/colcon_core/task/python/colcon_distutils_commands:/mnt/c/Users/micah/Documents/SCMS_turtlebot/install/warehouse_env/lib/python3.10/site-packages:${PYTHONPATH} /usr/bin/python3 -W ignore:setup.py install is deprecated -W ignore:easy_install command is deprecated setup.py develop --editable --build-directory /mnt/c/Users/micah/Documents/SCMS_turtlebot/build/warehouse_env/build --no-deps symlink_data
[17.734s] INFO:colcon.colcon_core.shell:Creating environment descriptor '/mnt/c/Users/micah/Documents/SCMS_turtlebot/build/warehouse_env/share/warehouse_env/hook/pythonpath_develop.dsv'
[17.767s] INFO:colcon.colcon_core.shell:Creating environment hook '/mnt/c/Users/micah/Documents/SCMS_turtlebot/build/warehouse_env/share/warehouse_env/hook/pythonpath_develop.sh'
[17.798s] Level 1:colcon.colcon_core.environment:checking '/mnt/c/Users/micah/Documents/SCMS_turtlebot/install/warehouse_env' for CMake module files
[17.907s] Level 1:colcon.colcon_core.environment:checking '/mnt/c/Users/micah/Documents/SCMS_turtlebot/install/warehouse_env' for CMake config files
[18.246s] Level 1:colcon.colcon_core.environment:checking '/mnt/c/Users/micah/Documents/SCMS_turtlebot/install/warehouse_env/lib'
[18.254s] Level 1:colcon.colcon_core.environment:checking '/mnt/c/Users/micah/Documents/SCMS_turtlebot/install/warehouse_env/bin'
[18.256s] Level 1:colcon.colcon_core.environment:checking '/mnt/c/Users/micah/Documents/SCMS_turtlebot/install/warehouse_env/lib/pkgconfig/warehouse_env.pc'
[18.260s] Level 1:colcon.colcon_core.environment:checking '/mnt/c/Users/micah/Documents/SCMS_turtlebot/install/warehouse_env/lib/python3.10/site-packages'
[18.265s] Level 1:colcon.colcon_core.shell:create_environment_hook('warehouse_env', 'pythonpath')
[18.266s] INFO:colcon.colcon_core.shell:Creating environment hook '/mnt/c/Users/micah/Documents/SCMS_turtlebot/install/warehouse_env/share/warehouse_env/hook/pythonpath.ps1'
[18.298s] INFO:colcon.colcon_core.shell:Creating environment descriptor '/mnt/c/Users/micah/Documents/SCMS_turtlebot/install/warehouse_env/share/warehouse_env/hook/pythonpath.dsv'
[18.328s] INFO:colcon.colcon_core.shell:Creating environment hook '/mnt/c/Users/micah/Documents/SCMS_turtlebot/install/warehouse_env/share/warehouse_env/hook/pythonpath.sh'
[18.356s] Level 1:colcon.colcon_core.environment:checking '/mnt/c/Users/micah/Documents/SCMS_turtlebot/install/warehouse_env/bin'
[18.357s] Level 1:colcon.colcon_core.environment:create_environment_scripts_only(warehouse_env)
[18.358s] INFO:colcon.colcon_core.shell:Creating package script '/mnt/c/Users/micah/Documents/SCMS_turtlebot/install/warehouse_env/share/warehouse_env/package.ps1'
[18.422s] INFO:colcon.colcon_core.shell:Creating package descriptor '/mnt/c/Users/micah/Documents/SCMS_turtlebot/install/warehouse_env/share/warehouse_env/package.dsv'
[18.447s] INFO:colcon.colcon_core.shell:Creating package script '/mnt/c/Users/micah/Documents/SCMS_turtlebot/install/warehouse_env/share/warehouse_env/package.sh'
[18.471s] INFO:colcon.colcon_core.shell:Creating package script '/mnt/c/Users/micah/Documents/SCMS_turtlebot/install/warehouse_env/share/warehouse_env/package.bash'
[18.502s] INFO:colcon.colcon_core.shell:Creating package script '/mnt/c/Users/micah/Documents/SCMS_turtlebot/install/warehouse_env/share/warehouse_env/package.zsh'
[18.532s] Level 1:colcon.colcon_core.environment:create_file_with_runtime_dependencies(/mnt/c/Users/micah/Documents/SCMS_turtlebot/install/warehouse_env/share/colcon-core/packages/warehouse_env)
[18.551s] DEBUG:colcon.colcon_parallel_executor.executor.parallel:closing loop
[18.551s] DEBUG:colcon.colcon_parallel_executor.executor.parallel:loop closed
[18.551s] DEBUG:colcon.colcon_parallel_executor.executor.parallel:run_until_complete finished with '0'
[18.552s] DEBUG:colcon.colcon_core.event_reactor:joining thread
[18.660s] INFO:colcon.colcon_core.plugin_system:Skipping extension 'colcon_notification.desktop_notification.notify_send': Could not find 'notify-send'
[18.661s] INFO:colcon.colcon_core.plugin_system:Skipping extension 'colcon_notification.desktop_notification.terminal_notifier': Not used on non-Darwin systems
[18.661s] INFO:colcon.colcon_core.plugin_system:Skipping extension 'colcon_notification.desktop_notification.win32': Not used on non-Windows systems
[18.661s] INFO:colcon.colcon_notification.desktop_notification:Sending desktop notification using 'notify2'
[18.662s] DEBUG:colcon.colcon_notification.desktop_notification.notify2:Failed to initialize notify2: org.freedesktop.DBus.Error.ServiceUnknown: The name org.freedesktop.Notifications was not provided by any .service files
[18.663s] DEBUG:colcon.colcon_core.event_reactor:joined thread
[18.663s] INFO:colcon.colcon_core.shell:Creating prefix script '/mnt/c/Users/micah/Documents/SCMS_turtlebot/install/local_setup.ps1'
[18.707s] INFO:colcon.colcon_core.shell:Creating prefix util module '/mnt/c/Users/micah/Documents/SCMS_turtlebot/install/_local_setup_util_ps1.py'
[18.726s] INFO:colcon.colcon_core.shell:Creating prefix chain script '/mnt/c/Users/micah/Documents/SCMS_turtlebot/install/setup.ps1'
[18.790s] INFO:colcon.colcon_core.shell:Creating prefix script '/mnt/c/Users/micah/Documents/SCMS_turtlebot/install/local_setup.sh'
[18.818s] INFO:colcon.colcon_core.shell:Creating prefix util module '/mnt/c/Users/micah/Documents/SCMS_turtlebot/install/_local_setup_util_sh.py'
[18.835s] INFO:colcon.colcon_core.shell:Creating prefix chain script '/mnt/c/Users/micah/Documents/SCMS_turtlebot/install/setup.sh'
[18.878s] INFO:colcon.colcon_core.shell:Creating prefix script '/mnt/c/Users/micah/Documents/SCMS_turtlebot/install/local_setup.bash'
[18.892s] INFO:colcon.colcon_core.shell:Creating prefix chain script '/mnt/c/Users/micah/Documents/SCMS_turtlebot/install/setup.bash'
[18.929s] INFO:colcon.colcon_core.shell:Creating prefix script '/mnt/c/Users/micah/Documents/SCMS_turtlebot/install/local_setup.zsh'
[18.944s] INFO:colcon.colcon_core.shell:Creating prefix chain script '/mnt/c/Users/micah/Documents/SCMS_turtlebot/install/setup.zsh'
