[0.170s] DEBUG:colcon:Command line arguments: ['/usr/bin/colcon', 'build', '--symlink-install']
[0.171s] DEBUG:colcon:Parsed command line arguments: Namespace(log_base=None, log_level=None, verb_name='build', build_base='build', install_base='install', merge_install=False, symlink_install=True, test_result_base=None, continue_on_error=False, executor='parallel', parallel_workers=22, event_handlers=None, ignore_user_meta=False, metas=['./colcon.meta'], base_paths=['.'], packages_ignore=None, packages_ignore_regex=None, paths=None, packages_up_to=None, packages_up_to_regex=None, packages_above=None, packages_above_and_dependencies=None, packages_above_depth=None, packages_select_by_dep=None, packages_skip_by_dep=None, packages_skip_up_to=None, packages_select_build_failed=False, packages_skip_build_finished=False, packages_select_test_failures=False, packages_skip_test_passed=False, packages_select=None, packages_skip=None, packages_select_regex=None, packages_skip_regex=None, packages_start=None, packages_end=None, allow_overriding=[], cmake_args=None, cmake_target=None, cmake_target_skip_unavailable=False, cmake_clean_cache=False, cmake_clean_first=False, cmake_force_configure=False, ament_cmake_args=None, catkin_cmake_args=None, catkin_skip_building_tests=False, mixin_files=None, mixin=None, verb_parser=<colcon_mixin.mixin.mixin_argument.MixinArgumentDecorator object at 0x7d0675361b70>, verb_extension=<colcon_core.verb.build.BuildVerb object at 0x7d06754df1c0>, main=<bound method BuildVerb.main of <colcon_core.verb.build.BuildVerb object at 0x7d06754df1c0>>, mixin_verb=('build',))
[0.434s] Level 1:colcon.colcon_core.package_discovery:discover_packages(colcon_meta) check parameters
[0.434s] Level 1:colcon.colcon_core.package_discovery:discover_packages(recursive) check parameters
[0.435s] Level 1:colcon.colcon_core.package_discovery:discover_packages(ignore) check parameters
[0.435s] Level 1:colcon.colcon_core.package_discovery:discover_packages(path) check parameters
[0.435s] Level 1:colcon.colcon_core.package_discovery:discover_packages(colcon_meta) discover
[0.435s] Level 1:colcon.colcon_core.package_discovery:discover_packages(recursive) discover
[0.435s] INFO:colcon.colcon_core.package_discovery:Crawling recursively for packages in '/mnt/c/Users/micah/Documents/SCMS_turtlebot'
[0.437s] Level 1:colcon.colcon_core.package_identification:_identify(.) by extensions ['ignore', 'ignore_ament_install']
[0.437s] Level 1:colcon.colcon_core.package_identification:_identify(.) by extension 'ignore'
[0.437s] Level 1:colcon.colcon_core.package_identification:_identify(.) by extension 'ignore_ament_install'
[0.438s] Level 1:colcon.colcon_core.package_identification:_identify(.) by extensions ['colcon_pkg']
[0.438s] Level 1:colcon.colcon_core.package_identification:_identify(.) by extension 'colcon_pkg'
[0.438s] Level 1:colcon.colcon_core.package_identification:_identify(.) by extensions ['colcon_meta']
[0.439s] Level 1:colcon.colcon_core.package_identification:_identify(.) by extension 'colcon_meta'
[0.439s] Level 1:colcon.colcon_core.package_identification:_identify(.) by extensions ['ros']
[0.439s] Level 1:colcon.colcon_core.package_identification:_identify(.) by extension 'ros'
[0.447s] Level 1:colcon.colcon_core.package_identification:_identify(.) by extensions ['cmake', 'python']
[0.447s] Level 1:colcon.colcon_core.package_identification:_identify(.) by extension 'cmake'
[0.448s] Level 1:colcon.colcon_core.package_identification:_identify(.) by extension 'python'
[0.448s] Level 1:colcon.colcon_core.package_identification:_identify(.) by extensions ['python_setup_py']
[0.449s] Level 1:colcon.colcon_core.package_identification:_identify(.) by extension 'python_setup_py'
[0.451s] Level 1:colcon.colcon_core.package_identification:_identify(build) by extensions ['ignore', 'ignore_ament_install']
[0.451s] Level 1:colcon.colcon_core.package_identification:_identify(build) by extension 'ignore'
[0.452s] Level 1:colcon.colcon_core.package_identification:_identify(build) ignored
[0.454s] Level 1:colcon.colcon_core.package_identification:_identify(depth_follower) by extensions ['ignore', 'ignore_ament_install']
[0.454s] Level 1:colcon.colcon_core.package_identification:_identify(depth_follower) by extension 'ignore'
[0.454s] Level 1:colcon.colcon_core.package_identification:_identify(depth_follower) by extension 'ignore_ament_install'
[0.456s] Level 1:colcon.colcon_core.package_identification:_identify(depth_follower) by extensions ['colcon_pkg']
[0.456s] Level 1:colcon.colcon_core.package_identification:_identify(depth_follower) by extension 'colcon_pkg'
[0.457s] Level 1:colcon.colcon_core.package_identification:_identify(depth_follower) by extensions ['colcon_meta']
[0.457s] Level 1:colcon.colcon_core.package_identification:_identify(depth_follower) by extension 'colcon_meta'
[0.457s] Level 1:colcon.colcon_core.package_identification:_identify(depth_follower) by extensions ['ros']
[0.458s] Level 1:colcon.colcon_core.package_identification:_identify(depth_follower) by extension 'ros'
[0.466s] DEBUG:colcon.colcon_core.package_identification:Package 'depth_follower' with type 'ros.ament_python' and name 'depth_follower'
[0.468s] Level 1:colcon.colcon_core.package_identification:_identify(install) by extensions ['ignore', 'ignore_ament_install']
[0.469s] Level 1:colcon.colcon_core.package_identification:_identify(install) by extension 'ignore'
[0.470s] Level 1:colcon.colcon_core.package_identification:_identify(install) ignored
[0.472s] Level 1:colcon.colcon_core.package_identification:_identify(log) by extensions ['ignore', 'ignore_ament_install']
[0.473s] Level 1:colcon.colcon_core.package_identification:_identify(log) by extension 'ignore'
[0.473s] Level 1:colcon.colcon_core.package_identification:_identify(log) ignored
[0.473s] Level 1:colcon.colcon_core.package_discovery:discover_packages(recursive) using defaults
[0.473s] Level 1:colcon.colcon_core.package_discovery:discover_packages(ignore) discover
[0.474s] Level 1:colcon.colcon_core.package_discovery:discover_packages(ignore) using defaults
[0.474s] Level 1:colcon.colcon_core.package_discovery:discover_packages(path) discover
[0.474s] Level 1:colcon.colcon_core.package_discovery:discover_packages(path) using defaults
[0.505s] Level 1:colcon.colcon_core.package_discovery:discover_packages(prefix_path) check parameters
[0.506s] Level 1:colcon.colcon_core.package_discovery:discover_packages(prefix_path) discover
[0.509s] DEBUG:colcon.colcon_installed_package_information.package_discovery:Found 0 installed packages in /home/mpatching/ros2_ws/install
[0.510s] DEBUG:colcon.colcon_installed_package_information.package_discovery:Found 406 installed packages in /opt/ros/humble
[0.511s] Level 1:colcon.colcon_core.package_discovery:discover_packages(prefix_path) using defaults
[0.540s] Level 5:colcon.colcon_core.verb:set package 'depth_follower' build argument 'cmake_args' from command line to 'None'
[0.540s] Level 5:colcon.colcon_core.verb:set package 'depth_follower' build argument 'cmake_target' from command line to 'None'
[0.541s] Level 5:colcon.colcon_core.verb:set package 'depth_follower' build argument 'cmake_target_skip_unavailable' from command line to 'False'
[0.541s] Level 5:colcon.colcon_core.verb:set package 'depth_follower' build argument 'cmake_clean_cache' from command line to 'False'
[0.541s] Level 5:colcon.colcon_core.verb:set package 'depth_follower' build argument 'cmake_clean_first' from command line to 'False'
[0.541s] Level 5:colcon.colcon_core.verb:set package 'depth_follower' build argument 'cmake_force_configure' from command line to 'False'
[0.541s] Level 5:colcon.colcon_core.verb:set package 'depth_follower' build argument 'ament_cmake_args' from command line to 'None'
[0.541s] Level 5:colcon.colcon_core.verb:set package 'depth_follower' build argument 'catkin_cmake_args' from command line to 'None'
[0.541s] Level 5:colcon.colcon_core.verb:set package 'depth_follower' build argument 'catkin_skip_building_tests' from command line to 'False'
[0.541s] DEBUG:colcon.colcon_core.verb:Building package 'depth_follower' with the following arguments: {'ament_cmake_args': None, 'build_base': '/mnt/c/Users/micah/Documents/SCMS_turtlebot/build/depth_follower', 'catkin_cmake_args': None, 'catkin_skip_building_tests': False, 'cmake_args': None, 'cmake_clean_cache': False, 'cmake_clean_first': False, 'cmake_force_configure': False, 'cmake_target': None, 'cmake_target_skip_unavailable': False, 'install_base': '/mnt/c/Users/micah/Documents/SCMS_turtlebot/install/depth_follower', 'merge_install': False, 'path': '/mnt/c/Users/micah/Documents/SCMS_turtlebot/depth_follower', 'symlink_install': True, 'test_result_base': None}
[0.542s] INFO:colcon.colcon_core.executor:Executing jobs using 'parallel' executor
[0.543s] DEBUG:colcon.colcon_parallel_executor.executor.parallel:run_until_complete
[0.543s] INFO:colcon.colcon_ros.task.ament_python.build:Building ROS package in '/mnt/c/Users/micah/Documents/SCMS_turtlebot/depth_follower' with build type 'ament_python'
[0.543s] Level 1:colcon.colcon_core.shell:create_environment_hook('depth_follower', 'ament_prefix_path')
[0.548s] INFO:colcon.colcon_core.plugin_system:Skipping extension 'colcon_core.shell.bat': Not used on non-Windows systems
[0.548s] INFO:colcon.colcon_core.shell:Creating environment hook '/mnt/c/Users/micah/Documents/SCMS_turtlebot/install/depth_follower/share/depth_follower/hook/ament_prefix_path.ps1'
[0.564s] INFO:colcon.colcon_core.shell:Creating environment descriptor '/mnt/c/Users/micah/Documents/SCMS_turtlebot/install/depth_follower/share/depth_follower/hook/ament_prefix_path.dsv'
[0.579s] INFO:colcon.colcon_core.shell:Creating environment hook '/mnt/c/Users/micah/Documents/SCMS_turtlebot/install/depth_follower/share/depth_follower/hook/ament_prefix_path.sh'
[0.594s] INFO:colcon.colcon_core.shell:Skip shell extension 'powershell' for command environment: Not usable outside of PowerShell
[0.594s] DEBUG:colcon.colcon_core.shell:Skip shell extension 'dsv' for command environment
[0.796s] INFO:colcon.colcon_core.task.python.build:Building Python package in '/mnt/c/Users/micah/Documents/SCMS_turtlebot/depth_follower'
[0.797s] INFO:colcon.colcon_core.shell:Skip shell extension 'powershell' for command environment: Not usable outside of PowerShell
[0.797s] DEBUG:colcon.colcon_core.shell:Skip shell extension 'dsv' for command environment
[1.763s] DEBUG:colcon.colcon_core.event_handler.log_command:Invoking command in '/mnt/c/Users/micah/Documents/SCMS_turtlebot/build/depth_follower': PYTHONPATH=/mnt/c/Users/micah/Documents/SCMS_turtlebot/build/depth_follower/prefix_override:/usr/lib/python3/dist-packages/colcon_core/task/python/colcon_distutils_commands:/mnt/c/Users/micah/Documents/SCMS_turtlebot/install/depth_follower/lib/python3.10/site-packages:${PYTHONPATH} /usr/bin/python3 -W ignore:setup.py install is deprecated -W ignore:easy_install command is deprecated setup.py develop --editable --build-directory /mnt/c/Users/micah/Documents/SCMS_turtlebot/build/depth_follower/build --no-deps symlink_data
[2.810s] Level 1:colcon.colcon_core.shell:create_environment_hook('depth_follower', 'pythonpath_develop')
[2.811s] INFO:colcon.colcon_core.shell:Creating environment hook '/mnt/c/Users/micah/Documents/SCMS_turtlebot/build/depth_follower/share/depth_follower/hook/pythonpath_develop.ps1'
[2.812s] DEBUG:colcon.colcon_core.event_handler.log_command:Invoked command in '/mnt/c/Users/micah/Documents/SCMS_turtlebot/build/depth_follower' returned '0': PYTHONPATH=/mnt/c/Users/micah/Documents/SCMS_turtlebot/build/depth_follower/prefix_override:/usr/lib/python3/dist-packages/colcon_core/task/python/colcon_distutils_commands:/mnt/c/Users/micah/Documents/SCMS_turtlebot/install/depth_follower/lib/python3.10/site-packages:${PYTHONPATH} /usr/bin/python3 -W ignore:setup.py install is deprecated -W ignore:easy_install command is deprecated setup.py develop --editable --build-directory /mnt/c/Users/micah/Documents/SCMS_turtlebot/build/depth_follower/build --no-deps symlink_data
[2.830s] INFO:colcon.colcon_core.shell:Creating environment descriptor '/mnt/c/Users/micah/Documents/SCMS_turtlebot/build/depth_follower/share/depth_follower/hook/pythonpath_develop.dsv'
[2.843s] INFO:colcon.colcon_core.shell:Creating environment hook '/mnt/c/Users/micah/Documents/SCMS_turtlebot/build/depth_follower/share/depth_follower/hook/pythonpath_develop.sh'
[2.867s] Level 1:colcon.colcon_core.environment:checking '/mnt/c/Users/micah/Documents/SCMS_turtlebot/install/depth_follower' for CMake module files
[2.933s] Level 1:colcon.colcon_core.environment:checking '/mnt/c/Users/micah/Documents/SCMS_turtlebot/install/depth_follower' for CMake config files
[3.012s] Level 1:colcon.colcon_core.environment:checking '/mnt/c/Users/micah/Documents/SCMS_turtlebot/install/depth_follower/lib'
[3.016s] Level 1:colcon.colcon_core.environment:checking '/mnt/c/Users/micah/Documents/SCMS_turtlebot/install/depth_follower/bin'
[3.017s] Level 1:colcon.colcon_core.environment:checking '/mnt/c/Users/micah/Documents/SCMS_turtlebot/install/depth_follower/lib/pkgconfig/depth_follower.pc'
[3.018s] Level 1:colcon.colcon_core.environment:checking '/mnt/c/Users/micah/Documents/SCMS_turtlebot/install/depth_follower/lib/python3.10/site-packages'
[3.020s] Level 1:colcon.colcon_core.shell:create_environment_hook('depth_follower', 'pythonpath')
[3.021s] INFO:colcon.colcon_core.shell:Creating environment hook '/mnt/c/Users/micah/Documents/SCMS_turtlebot/install/depth_follower/share/depth_follower/hook/pythonpath.ps1'
[3.037s] INFO:colcon.colcon_core.shell:Creating environment descriptor '/mnt/c/Users/micah/Documents/SCMS_turtlebot/install/depth_follower/share/depth_follower/hook/pythonpath.dsv'
[3.050s] INFO:colcon.colcon_core.shell:Creating environment hook '/mnt/c/Users/micah/Documents/SCMS_turtlebot/install/depth_follower/share/depth_follower/hook/pythonpath.sh'
[3.064s] Level 1:colcon.colcon_core.environment:checking '/mnt/c/Users/micah/Documents/SCMS_turtlebot/install/depth_follower/bin'
[3.065s] Level 1:colcon.colcon_core.environment:create_environment_scripts_only(depth_follower)
[3.066s] INFO:colcon.colcon_core.shell:Creating package script '/mnt/c/Users/micah/Documents/SCMS_turtlebot/install/depth_follower/share/depth_follower/package.ps1'
[3.123s] INFO:colcon.colcon_core.shell:Creating package descriptor '/mnt/c/Users/micah/Documents/SCMS_turtlebot/install/depth_follower/share/depth_follower/package.dsv'
[3.136s] INFO:colcon.colcon_core.shell:Creating package script '/mnt/c/Users/micah/Documents/SCMS_turtlebot/install/depth_follower/share/depth_follower/package.sh'
[3.149s] INFO:colcon.colcon_core.shell:Creating package script '/mnt/c/Users/micah/Documents/SCMS_turtlebot/install/depth_follower/share/depth_follower/package.bash'
[3.170s] INFO:colcon.colcon_core.shell:Creating package script '/mnt/c/Users/micah/Documents/SCMS_turtlebot/install/depth_follower/share/depth_follower/package.zsh'
[3.196s] Level 1:colcon.colcon_core.environment:create_file_with_runtime_dependencies(/mnt/c/Users/micah/Documents/SCMS_turtlebot/install/depth_follower/share/colcon-core/packages/depth_follower)
[3.207s] DEBUG:colcon.colcon_parallel_executor.executor.parallel:closing loop
[3.207s] DEBUG:colcon.colcon_parallel_executor.executor.parallel:loop closed
[3.208s] DEBUG:colcon.colcon_parallel_executor.executor.parallel:run_until_complete finished with '0'
[3.208s] DEBUG:colcon.colcon_core.event_reactor:joining thread
[3.256s] INFO:colcon.colcon_core.plugin_system:Skipping extension 'colcon_notification.desktop_notification.notify_send': Could not find 'notify-send'
[3.256s] INFO:colcon.colcon_core.plugin_system:Skipping extension 'colcon_notification.desktop_notification.terminal_notifier': Not used on non-Darwin systems
[3.256s] INFO:colcon.colcon_core.plugin_system:Skipping extension 'colcon_notification.desktop_notification.win32': Not used on non-Windows systems
[3.257s] INFO:colcon.colcon_notification.desktop_notification:Sending desktop notification using 'notify2'
[3.259s] DEBUG:colcon.colcon_notification.desktop_notification.notify2:Failed to initialize notify2: org.freedesktop.DBus.Error.ServiceUnknown: The name org.freedesktop.Notifications was not provided by any .service files
[3.259s] DEBUG:colcon.colcon_core.event_reactor:joined thread
[3.259s] INFO:colcon.colcon_core.shell:Creating prefix script '/mnt/c/Users/micah/Documents/SCMS_turtlebot/install/local_setup.ps1'
[3.309s] INFO:colcon.colcon_core.shell:Creating prefix util module '/mnt/c/Users/micah/Documents/SCMS_turtlebot/install/_local_setup_util_ps1.py'
[3.319s] INFO:colcon.colcon_core.shell:Creating prefix chain script '/mnt/c/Users/micah/Documents/SCMS_turtlebot/install/setup.ps1'
[3.346s] INFO:colcon.colcon_core.shell:Creating prefix script '/mnt/c/Users/micah/Documents/SCMS_turtlebot/install/local_setup.sh'
[3.361s] INFO:colcon.colcon_core.shell:Creating prefix util module '/mnt/c/Users/micah/Documents/SCMS_turtlebot/install/_local_setup_util_sh.py'
[3.370s] INFO:colcon.colcon_core.shell:Creating prefix chain script '/mnt/c/Users/micah/Documents/SCMS_turtlebot/install/setup.sh'
[3.378s] INFO:colcon.colcon_core.shell:Creating prefix script '/mnt/c/Users/micah/Documents/SCMS_turtlebot/install/local_setup.bash'
[3.385s] INFO:colcon.colcon_core.shell:Creating prefix chain script '/mnt/c/Users/micah/Documents/SCMS_turtlebot/install/setup.bash'
[3.393s] INFO:colcon.colcon_core.shell:Creating prefix script '/mnt/c/Users/micah/Documents/SCMS_turtlebot/install/local_setup.zsh'
[3.400s] INFO:colcon.colcon_core.shell:Creating prefix chain script '/mnt/c/Users/micah/Documents/SCMS_turtlebot/install/setup.zsh'
