[0.200s] DEBUG:colcon:Command line arguments: ['/usr/bin/colcon', 'build', '--symlink-install']
[0.201s] DEBUG:colcon:Parsed command line arguments: Namespace(log_base=None, log_level=None, verb_name='build', build_base='build', install_base='install', merge_install=False, symlink_install=True, test_result_base=None, continue_on_error=False, executor='parallel', parallel_workers=22, event_handlers=None, ignore_user_meta=False, metas=['./colcon.meta'], base_paths=['.'], packages_ignore=None, packages_ignore_regex=None, paths=None, packages_up_to=None, packages_up_to_regex=None, packages_above=None, packages_above_and_dependencies=None, packages_above_depth=None, packages_select_by_dep=None, packages_skip_by_dep=None, packages_skip_up_to=None, packages_select_build_failed=False, packages_skip_build_finished=False, packages_select_test_failures=False, packages_skip_test_passed=False, packages_select=None, packages_skip=None, packages_select_regex=None, packages_skip_regex=None, packages_start=None, packages_end=None, allow_overriding=[], cmake_args=None, cmake_target=None, cmake_target_skip_unavailable=False, cmake_clean_cache=False, cmake_clean_first=False, cmake_force_configure=False, ament_cmake_args=None, catkin_cmake_args=None, catkin_skip_building_tests=False, mixin_files=None, mixin=None, verb_parser=<colcon_mixin.mixin.mixin_argument.MixinArgumentDecorator object at 0x7c6089f61b70>, verb_extension=<colcon_core.verb.build.BuildVerb object at 0x7c608a0df1c0>, main=<bound method BuildVerb.main of <colcon_core.verb.build.BuildVerb object at 0x7c608a0df1c0>>, mixin_verb=('build',))
[0.371s] Level 1:colcon.colcon_core.package_discovery:discover_packages(colcon_meta) check parameters
[0.372s] Level 1:colcon.colcon_core.package_discovery:discover_packages(recursive) check parameters
[0.372s] Level 1:colcon.colcon_core.package_discovery:discover_packages(ignore) check parameters
[0.372s] Level 1:colcon.colcon_core.package_discovery:discover_packages(path) check parameters
[0.373s] Level 1:colcon.colcon_core.package_discovery:discover_packages(colcon_meta) discover
[0.373s] Level 1:colcon.colcon_core.package_discovery:discover_packages(recursive) discover
[0.373s] INFO:colcon.colcon_core.package_discovery:Crawling recursively for packages in '/mnt/c/Users/micah/Documents/SCMS_turtlebot'
[0.375s] Level 1:colcon.colcon_core.package_identification:_identify(.) by extensions ['ignore', 'ignore_ament_install']
[0.375s] Level 1:colcon.colcon_core.package_identification:_identify(.) by extension 'ignore'
[0.376s] Level 1:colcon.colcon_core.package_identification:_identify(.) by extension 'ignore_ament_install'
[0.376s] Level 1:colcon.colcon_core.package_identification:_identify(.) by extensions ['colcon_pkg']
[0.377s] Level 1:colcon.colcon_core.package_identification:_identify(.) by extension 'colcon_pkg'
[0.377s] Level 1:colcon.colcon_core.package_identification:_identify(.) by extensions ['colcon_meta']
[0.377s] Level 1:colcon.colcon_core.package_identification:_identify(.) by extension 'colcon_meta'
[0.378s] Level 1:colcon.colcon_core.package_identification:_identify(.) by extensions ['ros']
[0.378s] Level 1:colcon.colcon_core.package_identification:_identify(.) by extension 'ros'
[0.389s] Level 1:colcon.colcon_core.package_identification:_identify(.) by extensions ['cmake', 'python']
[0.390s] Level 1:colcon.colcon_core.package_identification:_identify(.) by extension 'cmake'
[0.390s] Level 1:colcon.colcon_core.package_identification:_identify(.) by extension 'python'
[0.392s] Level 1:colcon.colcon_core.package_identification:_identify(.) by extensions ['python_setup_py']
[0.392s] Level 1:colcon.colcon_core.package_identification:_identify(.) by extension 'python_setup_py'
[0.396s] Level 1:colcon.colcon_core.package_identification:_identify(build) by extensions ['ignore', 'ignore_ament_install']
[0.396s] Level 1:colcon.colcon_core.package_identification:_identify(build) by extension 'ignore'
[0.397s] Level 1:colcon.colcon_core.package_identification:_identify(build) ignored
[0.400s] Level 1:colcon.colcon_core.package_identification:_identify(depth_follower) by extensions ['ignore', 'ignore_ament_install']
[0.401s] Level 1:colcon.colcon_core.package_identification:_identify(depth_follower) by extension 'ignore'
[0.402s] Level 1:colcon.colcon_core.package_identification:_identify(depth_follower) by extension 'ignore_ament_install'
[0.403s] Level 1:colcon.colcon_core.package_identification:_identify(depth_follower) by extensions ['colcon_pkg']
[0.404s] Level 1:colcon.colcon_core.package_identification:_identify(depth_follower) by extension 'colcon_pkg'
[0.404s] Level 1:colcon.colcon_core.package_identification:_identify(depth_follower) by extensions ['colcon_meta']
[0.405s] Level 1:colcon.colcon_core.package_identification:_identify(depth_follower) by extension 'colcon_meta'
[0.405s] Level 1:colcon.colcon_core.package_identification:_identify(depth_follower) by extensions ['ros']
[0.406s] Level 1:colcon.colcon_core.package_identification:_identify(depth_follower) by extension 'ros'
[0.423s] DEBUG:colcon.colcon_core.package_identification:Package 'depth_follower' with type 'ros.ament_python' and name 'depth_follower'
[0.426s] Level 1:colcon.colcon_core.package_identification:_identify(install) by extensions ['ignore', 'ignore_ament_install']
[0.426s] Level 1:colcon.colcon_core.package_identification:_identify(install) by extension 'ignore'
[0.427s] Level 1:colcon.colcon_core.package_identification:_identify(install) ignored
[0.431s] Level 1:colcon.colcon_core.package_identification:_identify(log) by extensions ['ignore', 'ignore_ament_install']
[0.432s] Level 1:colcon.colcon_core.package_identification:_identify(log) by extension 'ignore'
[0.433s] Level 1:colcon.colcon_core.package_identification:_identify(log) ignored
[0.433s] Level 1:colcon.colcon_core.package_discovery:discover_packages(recursive) using defaults
[0.433s] Level 1:colcon.colcon_core.package_discovery:discover_packages(ignore) discover
[0.434s] Level 1:colcon.colcon_core.package_discovery:discover_packages(ignore) using defaults
[0.434s] Level 1:colcon.colcon_core.package_discovery:discover_packages(path) discover
[0.434s] Level 1:colcon.colcon_core.package_discovery:discover_packages(path) using defaults
[0.465s] Level 1:colcon.colcon_core.package_discovery:discover_packages(prefix_path) check parameters
[0.466s] Level 1:colcon.colcon_core.package_discovery:discover_packages(prefix_path) discover
[0.468s] DEBUG:colcon.colcon_installed_package_information.package_discovery:Found 0 installed packages in /home/mpatching/ros2_ws/install
[0.470s] DEBUG:colcon.colcon_installed_package_information.package_discovery:Found 406 installed packages in /opt/ros/humble
[0.471s] Level 1:colcon.colcon_core.package_discovery:discover_packages(prefix_path) using defaults
[0.509s] Level 5:colcon.colcon_core.verb:set package 'depth_follower' build argument 'cmake_args' from command line to 'None'
[0.510s] Level 5:colcon.colcon_core.verb:set package 'depth_follower' build argument 'cmake_target' from command line to 'None'
[0.511s] Level 5:colcon.colcon_core.verb:set package 'depth_follower' build argument 'cmake_target_skip_unavailable' from command line to 'False'
[0.511s] Level 5:colcon.colcon_core.verb:set package 'depth_follower' build argument 'cmake_clean_cache' from command line to 'False'
[0.511s] Level 5:colcon.colcon_core.verb:set package 'depth_follower' build argument 'cmake_clean_first' from command line to 'False'
[0.511s] Level 5:colcon.colcon_core.verb:set package 'depth_follower' build argument 'cmake_force_configure' from command line to 'False'
[0.512s] Level 5:colcon.colcon_core.verb:set package 'depth_follower' build argument 'ament_cmake_args' from command line to 'None'
[0.512s] Level 5:colcon.colcon_core.verb:set package 'depth_follower' build argument 'catkin_cmake_args' from command line to 'None'
[0.512s] Level 5:colcon.colcon_core.verb:set package 'depth_follower' build argument 'catkin_skip_building_tests' from command line to 'False'
[0.512s] DEBUG:colcon.colcon_core.verb:Building package 'depth_follower' with the following arguments: {'ament_cmake_args': None, 'build_base': '/mnt/c/Users/micah/Documents/SCMS_turtlebot/build/depth_follower', 'catkin_cmake_args': None, 'catkin_skip_building_tests': False, 'cmake_args': None, 'cmake_clean_cache': False, 'cmake_clean_first': False, 'cmake_force_configure': False, 'cmake_target': None, 'cmake_target_skip_unavailable': False, 'install_base': '/mnt/c/Users/micah/Documents/SCMS_turtlebot/install/depth_follower', 'merge_install': False, 'path': '/mnt/c/Users/micah/Documents/SCMS_turtlebot/depth_follower', 'symlink_install': True, 'test_result_base': None}
[0.513s] INFO:colcon.colcon_core.executor:Executing jobs using 'parallel' executor
[0.514s] DEBUG:colcon.colcon_parallel_executor.executor.parallel:run_until_complete
[0.514s] INFO:colcon.colcon_ros.task.ament_python.build:Building ROS package in '/mnt/c/Users/micah/Documents/SCMS_turtlebot/depth_follower' with build type 'ament_python'
[0.515s] Level 1:colcon.colcon_core.shell:create_environment_hook('depth_follower', 'ament_prefix_path')
[0.518s] INFO:colcon.colcon_core.plugin_system:Skipping extension 'colcon_core.shell.bat': Not used on non-Windows systems
[0.519s] INFO:colcon.colcon_core.shell:Creating environment hook '/mnt/c/Users/micah/Documents/SCMS_turtlebot/install/depth_follower/share/depth_follower/hook/ament_prefix_path.ps1'
[0.547s] INFO:colcon.colcon_core.shell:Creating environment descriptor '/mnt/c/Users/micah/Documents/SCMS_turtlebot/install/depth_follower/share/depth_follower/hook/ament_prefix_path.dsv'
[0.572s] INFO:colcon.colcon_core.shell:Creating environment hook '/mnt/c/Users/micah/Documents/SCMS_turtlebot/install/depth_follower/share/depth_follower/hook/ament_prefix_path.sh'
[0.597s] INFO:colcon.colcon_core.shell:Skip shell extension 'powershell' for command environment: Not usable outside of PowerShell
[0.598s] DEBUG:colcon.colcon_core.shell:Skip shell extension 'dsv' for command environment
[0.977s] INFO:colcon.colcon_core.task.python.build:Building Python package in '/mnt/c/Users/micah/Documents/SCMS_turtlebot/depth_follower'
[0.978s] INFO:colcon.colcon_core.shell:Skip shell extension 'powershell' for command environment: Not usable outside of PowerShell
[0.978s] DEBUG:colcon.colcon_core.shell:Skip shell extension 'dsv' for command environment
[2.525s] DEBUG:colcon.colcon_core.event_handler.log_command:Invoking command in '/mnt/c/Users/micah/Documents/SCMS_turtlebot/build/depth_follower': PYTHONPATH=/mnt/c/Users/micah/Documents/SCMS_turtlebot/build/depth_follower/prefix_override:/usr/lib/python3/dist-packages/colcon_core/task/python/colcon_distutils_commands:/mnt/c/Users/micah/Documents/SCMS_turtlebot/install/depth_follower/lib/python3.10/site-packages:${PYTHONPATH} /usr/bin/python3 -W ignore:setup.py install is deprecated -W ignore:easy_install command is deprecated setup.py develop --editable --build-directory /mnt/c/Users/micah/Documents/SCMS_turtlebot/build/depth_follower/build --no-deps symlink_data
[4.361s] Level 1:colcon.colcon_core.shell:create_environment_hook('depth_follower', 'pythonpath_develop')
[4.362s] INFO:colcon.colcon_core.shell:Creating environment hook '/mnt/c/Users/micah/Documents/SCMS_turtlebot/build/depth_follower/share/depth_follower/hook/pythonpath_develop.ps1'
[4.364s] DEBUG:colcon.colcon_core.event_handler.log_command:Invoked command in '/mnt/c/Users/micah/Documents/SCMS_turtlebot/build/depth_follower' returned '0': PYTHONPATH=/mnt/c/Users/micah/Documents/SCMS_turtlebot/build/depth_follower/prefix_override:/usr/lib/python3/dist-packages/colcon_core/task/python/colcon_distutils_commands:/mnt/c/Users/micah/Documents/SCMS_turtlebot/install/depth_follower/lib/python3.10/site-packages:${PYTHONPATH} /usr/bin/python3 -W ignore:setup.py install is deprecated -W ignore:easy_install command is deprecated setup.py develop --editable --build-directory /mnt/c/Users/micah/Documents/SCMS_turtlebot/build/depth_follower/build --no-deps symlink_data
[4.392s] INFO:colcon.colcon_core.shell:Creating environment descriptor '/mnt/c/Users/micah/Documents/SCMS_turtlebot/build/depth_follower/share/depth_follower/hook/pythonpath_develop.dsv'
[4.419s] INFO:colcon.colcon_core.shell:Creating environment hook '/mnt/c/Users/micah/Documents/SCMS_turtlebot/build/depth_follower/share/depth_follower/hook/pythonpath_develop.sh'
[4.450s] Level 1:colcon.colcon_core.environment:checking '/mnt/c/Users/micah/Documents/SCMS_turtlebot/install/depth_follower' for CMake module files
[4.533s] Level 1:colcon.colcon_core.environment:checking '/mnt/c/Users/micah/Documents/SCMS_turtlebot/install/depth_follower' for CMake config files
[4.685s] Level 1:colcon.colcon_core.environment:checking '/mnt/c/Users/micah/Documents/SCMS_turtlebot/install/depth_follower/lib'
[4.690s] Level 1:colcon.colcon_core.environment:checking '/mnt/c/Users/micah/Documents/SCMS_turtlebot/install/depth_follower/bin'
[4.692s] Level 1:colcon.colcon_core.environment:checking '/mnt/c/Users/micah/Documents/SCMS_turtlebot/install/depth_follower/lib/pkgconfig/depth_follower.pc'
[4.694s] Level 1:colcon.colcon_core.environment:checking '/mnt/c/Users/micah/Documents/SCMS_turtlebot/install/depth_follower/lib/python3.10/site-packages'
[4.696s] Level 1:colcon.colcon_core.shell:create_environment_hook('depth_follower', 'pythonpath')
[4.696s] INFO:colcon.colcon_core.shell:Creating environment hook '/mnt/c/Users/micah/Documents/SCMS_turtlebot/install/depth_follower/share/depth_follower/hook/pythonpath.ps1'
[4.722s] INFO:colcon.colcon_core.shell:Creating environment descriptor '/mnt/c/Users/micah/Documents/SCMS_turtlebot/install/depth_follower/share/depth_follower/hook/pythonpath.dsv'
[4.749s] INFO:colcon.colcon_core.shell:Creating environment hook '/mnt/c/Users/micah/Documents/SCMS_turtlebot/install/depth_follower/share/depth_follower/hook/pythonpath.sh'
[4.767s] Level 1:colcon.colcon_core.environment:checking '/mnt/c/Users/micah/Documents/SCMS_turtlebot/install/depth_follower/bin'
[4.769s] Level 1:colcon.colcon_core.environment:create_environment_scripts_only(depth_follower)
[4.770s] INFO:colcon.colcon_core.shell:Creating package script '/mnt/c/Users/micah/Documents/SCMS_turtlebot/install/depth_follower/share/depth_follower/package.ps1'
[4.855s] INFO:colcon.colcon_core.shell:Creating package descriptor '/mnt/c/Users/micah/Documents/SCMS_turtlebot/install/depth_follower/share/depth_follower/package.dsv'
[4.881s] INFO:colcon.colcon_core.shell:Creating package script '/mnt/c/Users/micah/Documents/SCMS_turtlebot/install/depth_follower/share/depth_follower/package.sh'
[4.897s] INFO:colcon.colcon_core.shell:Creating package script '/mnt/c/Users/micah/Documents/SCMS_turtlebot/install/depth_follower/share/depth_follower/package.bash'
[4.927s] INFO:colcon.colcon_core.shell:Creating package script '/mnt/c/Users/micah/Documents/SCMS_turtlebot/install/depth_follower/share/depth_follower/package.zsh'
[4.956s] Level 1:colcon.colcon_core.environment:create_file_with_runtime_dependencies(/mnt/c/Users/micah/Documents/SCMS_turtlebot/install/depth_follower/share/colcon-core/packages/depth_follower)
[4.971s] DEBUG:colcon.colcon_parallel_executor.executor.parallel:closing loop
[4.971s] DEBUG:colcon.colcon_parallel_executor.executor.parallel:loop closed
[4.972s] DEBUG:colcon.colcon_parallel_executor.executor.parallel:run_until_complete finished with '0'
[4.973s] DEBUG:colcon.colcon_core.event_reactor:joining thread
[5.046s] INFO:colcon.colcon_core.plugin_system:Skipping extension 'colcon_notification.desktop_notification.notify_send': Could not find 'notify-send'
[5.047s] INFO:colcon.colcon_core.plugin_system:Skipping extension 'colcon_notification.desktop_notification.terminal_notifier': Not used on non-Darwin systems
[5.047s] INFO:colcon.colcon_core.plugin_system:Skipping extension 'colcon_notification.desktop_notification.win32': Not used on non-Windows systems
[5.047s] INFO:colcon.colcon_notification.desktop_notification:Sending desktop notification using 'notify2'
[5.049s] DEBUG:colcon.colcon_notification.desktop_notification.notify2:Failed to initialize notify2: org.freedesktop.DBus.Error.ServiceUnknown: The name org.freedesktop.Notifications was not provided by any .service files
[5.049s] DEBUG:colcon.colcon_core.event_reactor:joined thread
[5.049s] INFO:colcon.colcon_core.shell:Creating prefix script '/mnt/c/Users/micah/Documents/SCMS_turtlebot/install/local_setup.ps1'
[5.118s] INFO:colcon.colcon_core.shell:Creating prefix util module '/mnt/c/Users/micah/Documents/SCMS_turtlebot/install/_local_setup_util_ps1.py'
[5.137s] INFO:colcon.colcon_core.shell:Creating prefix chain script '/mnt/c/Users/micah/Documents/SCMS_turtlebot/install/setup.ps1'
[5.172s] INFO:colcon.colcon_core.shell:Creating prefix script '/mnt/c/Users/micah/Documents/SCMS_turtlebot/install/local_setup.sh'
[5.193s] INFO:colcon.colcon_core.shell:Creating prefix util module '/mnt/c/Users/micah/Documents/SCMS_turtlebot/install/_local_setup_util_sh.py'
[5.213s] INFO:colcon.colcon_core.shell:Creating prefix chain script '/mnt/c/Users/micah/Documents/SCMS_turtlebot/install/setup.sh'
[5.223s] INFO:colcon.colcon_core.shell:Creating prefix script '/mnt/c/Users/micah/Documents/SCMS_turtlebot/install/local_setup.bash'
[5.233s] INFO:colcon.colcon_core.shell:Creating prefix chain script '/mnt/c/Users/micah/Documents/SCMS_turtlebot/install/setup.bash'
[5.246s] INFO:colcon.colcon_core.shell:Creating prefix script '/mnt/c/Users/micah/Documents/SCMS_turtlebot/install/local_setup.zsh'
[5.258s] INFO:colcon.colcon_core.shell:Creating prefix chain script '/mnt/c/Users/micah/Documents/SCMS_turtlebot/install/setup.zsh'
