running develop
running egg_info
creating warehouse_env.egg-info
writing warehouse_env.egg-info/PKG-INFO
writing dependency_links to warehouse_env.egg-info/dependency_links.txt
writing requirements to warehouse_env.egg-info/requires.txt
writing top-level names to warehouse_env.egg-info/top_level.txt
writing manifest file 'warehouse_env.egg-info/SOURCES.txt'
reading manifest file 'warehouse_env.egg-info/SOURCES.txt'
writing manifest file 'warehouse_env.egg-info/SOURCES.txt'
running build_ext
Creating /mnt/c/Users/micah/Documents/SCMS_turtlebot/install/warehouse_env/lib/python3.10/site-packages/warehouse-env.egg-link (link to .)

Installed /mnt/c/Users/micah/Documents/SCMS_turtlebot/build/warehouse_env
running symlink_data
creating /mnt/c/Users/micah/Documents/SCMS_turtlebot/install/warehouse_env/share/ament_index
creating /mnt/c/Users/micah/Documents/SCMS_turtlebot/install/warehouse_env/share/ament_index/resource_index
creating /mnt/c/Users/micah/Documents/SCMS_turtlebot/install/warehouse_env/share/ament_index/resource_index/packages
symbolically linking /mnt/c/Users/micah/Documents/SCMS_turtlebot/build/warehouse_env/resource/warehouse_env -> /mnt/c/Users/micah/Documents/SCMS_turtlebot/install/warehouse_env/share/ament_index/resource_index/packages
creating /mnt/c/Users/micah/Documents/SCMS_turtlebot/install/warehouse_env/share/warehouse_env/launch
symbolically linking /mnt/c/Users/micah/Documents/SCMS_turtlebot/build/warehouse_env/launch/warehouse_world.launch.py -> /mnt/c/Users/micah/Documents/SCMS_turtlebot/install/warehouse_env/share/warehouse_env/launch
creating /mnt/c/Users/micah/Documents/SCMS_turtlebot/install/warehouse_env/share/warehouse_env/worlds
symbolically linking /mnt/c/Users/micah/Documents/SCMS_turtlebot/build/warehouse_env/worlds/warehouse.world.sdf -> /mnt/c/Users/micah/Documents/SCMS_turtlebot/install/warehouse_env/share/warehouse_env/worlds
symbolically linking /mnt/c/Users/micah/Documents/SCMS_turtlebot/build/warehouse_env/package.xml -> /mnt/c/Users/micah/Documents/SCMS_turtlebot/install/warehouse_env/share/warehouse_env
creating /mnt/c/Users/micah/Documents/SCMS_turtlebot/install/warehouse_env/share/warehouse_env/models
creating /mnt/c/Users/micah/Documents/SCMS_turtlebot/install/warehouse_env/share/warehouse_env/models/floor_concrete
symbolically linking /mnt/c/Users/micah/Documents/SCMS_turtlebot/build/warehouse_env/models/floor_concrete/model.config -> /mnt/c/Users/micah/Documents/SCMS_turtlebot/install/warehouse_env/share/warehouse_env/models/floor_concrete
symbolically linking /mnt/c/Users/micah/Documents/SCMS_turtlebot/build/warehouse_env/models/floor_concrete/model.sdf -> /mnt/c/Users/micah/Documents/SCMS_turtlebot/install/warehouse_env/share/warehouse_env/models/floor_concrete
creating /mnt/c/Users/micah/Documents/SCMS_turtlebot/install/warehouse_env/share/warehouse_env/models/pallet_box
symbolically linking /mnt/c/Users/micah/Documents/SCMS_turtlebot/build/warehouse_env/models/pallet_box/model.config -> /mnt/c/Users/micah/Documents/SCMS_turtlebot/install/warehouse_env/share/warehouse_env/models/pallet_box
symbolically linking /mnt/c/Users/micah/Documents/SCMS_turtlebot/build/warehouse_env/models/pallet_box/model.sdf -> /mnt/c/Users/micah/Documents/SCMS_turtlebot/install/warehouse_env/share/warehouse_env/models/pallet_box
creating /mnt/c/Users/micah/Documents/SCMS_turtlebot/install/warehouse_env/share/warehouse_env/models/shelf_simple
symbolically linking /mnt/c/Users/micah/Documents/SCMS_turtlebot/build/warehouse_env/models/shelf_simple/model.config -> /mnt/c/Users/micah/Documents/SCMS_turtlebot/install/warehouse_env/share/warehouse_env/models/shelf_simple
symbolically linking /mnt/c/Users/micah/Documents/SCMS_turtlebot/build/warehouse_env/models/shelf_simple/model.sdf -> /mnt/c/Users/micah/Documents/SCMS_turtlebot/install/warehouse_env/share/warehouse_env/models/shelf_simple
