[1.171s] DEBUG:colcon:Command line arguments: ['/usr/bin/colcon', 'build', '--symlink-install']
[1.172s] DEBUG:colcon:Parsed command line arguments: Namespace(log_base=None, log_level=None, verb_name='build', build_base='build', install_base='install', merge_install=False, symlink_install=True, test_result_base=None, continue_on_error=False, executor='parallel', parallel_workers=22, event_handlers=None, ignore_user_meta=False, metas=['./colcon.meta'], base_paths=['.'], packages_ignore=None, packages_ignore_regex=None, paths=None, packages_up_to=None, packages_up_to_regex=None, packages_above=None, packages_above_and_dependencies=None, packages_above_depth=None, packages_select_by_dep=None, packages_skip_by_dep=None, packages_skip_up_to=None, packages_select_build_failed=False, packages_skip_build_finished=False, packages_select_test_failures=False, packages_skip_test_passed=False, packages_select=None, packages_skip=None, packages_select_regex=None, packages_skip_regex=None, packages_start=None, packages_end=None, allow_overriding=[], cmake_args=None, cmake_target=None, cmake_target_skip_unavailable=False, cmake_clean_cache=False, cmake_clean_first=False, cmake_force_configure=False, ament_cmake_args=None, catkin_cmake_args=None, catkin_skip_building_tests=False, mixin_files=None, mixin=None, verb_parser=<colcon_mixin.mixin.mixin_argument.MixinArgumentDecorator object at 0x7fd40405ed40>, verb_extension=<colcon_core.verb.build.BuildVerb object at 0x7fd404163b50>, main=<bound method BuildVerb.main of <colcon_core.verb.build.BuildVerb object at 0x7fd404163b50>>, mixin_verb=('build',))
[1.793s] Level 1:colcon.colcon_core.package_discovery:discover_packages(colcon_meta) check parameters
[1.794s] Level 1:colcon.colcon_core.package_discovery:discover_packages(recursive) check parameters
[1.795s] Level 1:colcon.colcon_core.package_discovery:discover_packages(ignore) check parameters
[1.795s] Level 1:colcon.colcon_core.package_discovery:discover_packages(path) check parameters
[1.795s] Level 1:colcon.colcon_core.package_discovery:discover_packages(colcon_meta) discover
[1.796s] Level 1:colcon.colcon_core.package_discovery:discover_packages(recursive) discover
[1.796s] INFO:colcon.colcon_core.package_discovery:Crawling recursively for packages in '/mnt/c/Users/micah/Documents/SCMS_turtlebot'
[1.799s] Level 1:colcon.colcon_core.package_identification:_identify(.) by extensions ['ignore', 'ignore_ament_install']
[1.799s] Level 1:colcon.colcon_core.package_identification:_identify(.) by extension 'ignore'
[1.800s] Level 1:colcon.colcon_core.package_identification:_identify(.) by extension 'ignore_ament_install'
[1.800s] Level 1:colcon.colcon_core.package_identification:_identify(.) by extensions ['colcon_pkg']
[1.801s] Level 1:colcon.colcon_core.package_identification:_identify(.) by extension 'colcon_pkg'
[1.801s] Level 1:colcon.colcon_core.package_identification:_identify(.) by extensions ['colcon_meta']
[1.802s] Level 1:colcon.colcon_core.package_identification:_identify(.) by extension 'colcon_meta'
[1.802s] Level 1:colcon.colcon_core.package_identification:_identify(.) by extensions ['ros']
[1.802s] Level 1:colcon.colcon_core.package_identification:_identify(.) by extension 'ros'
[1.833s] Level 1:colcon.colcon_core.package_identification:_identify(.) by extensions ['cmake', 'python']
[1.833s] Level 1:colcon.colcon_core.package_identification:_identify(.) by extension 'cmake'
[1.834s] Level 1:colcon.colcon_core.package_identification:_identify(.) by extension 'python'
[1.835s] Level 1:colcon.colcon_core.package_identification:_identify(.) by extensions ['python_setup_py']
[1.835s] Level 1:colcon.colcon_core.package_identification:_identify(.) by extension 'python_setup_py'
[1.840s] Level 1:colcon.colcon_core.package_identification:_identify(build) by extensions ['ignore', 'ignore_ament_install']
[1.840s] Level 1:colcon.colcon_core.package_identification:_identify(build) by extension 'ignore'
[1.843s] Level 1:colcon.colcon_core.package_identification:_identify(build) ignored
[1.848s] Level 1:colcon.colcon_core.package_identification:_identify(install) by extensions ['ignore', 'ignore_ament_install']
[1.848s] Level 1:colcon.colcon_core.package_identification:_identify(install) by extension 'ignore'
[1.850s] Level 1:colcon.colcon_core.package_identification:_identify(install) ignored
[1.862s] Level 1:colcon.colcon_core.package_identification:_identify(log) by extensions ['ignore', 'ignore_ament_install']
[1.862s] Level 1:colcon.colcon_core.package_identification:_identify(log) by extension 'ignore'
[1.864s] Level 1:colcon.colcon_core.package_identification:_identify(log) ignored
[1.869s] Level 1:colcon.colcon_core.package_identification:_identify(src) by extensions ['ignore', 'ignore_ament_install']
[1.870s] Level 1:colcon.colcon_core.package_identification:_identify(src) by extension 'ignore'
[1.871s] Level 1:colcon.colcon_core.package_identification:_identify(src) by extension 'ignore_ament_install'
[1.874s] Level 1:colcon.colcon_core.package_identification:_identify(src) by extensions ['colcon_pkg']
[1.874s] Level 1:colcon.colcon_core.package_identification:_identify(src) by extension 'colcon_pkg'
[1.875s] Level 1:colcon.colcon_core.package_identification:_identify(src) by extensions ['colcon_meta']
[1.876s] Level 1:colcon.colcon_core.package_identification:_identify(src) by extension 'colcon_meta'
[1.877s] Level 1:colcon.colcon_core.package_identification:_identify(src) by extensions ['ros']
[1.878s] Level 1:colcon.colcon_core.package_identification:_identify(src) by extension 'ros'
[1.883s] Level 1:colcon.colcon_core.package_identification:_identify(src) by extensions ['cmake', 'python']
[1.883s] Level 1:colcon.colcon_core.package_identification:_identify(src) by extension 'cmake'
[1.884s] Level 1:colcon.colcon_core.package_identification:_identify(src) by extension 'python'
[1.886s] Level 1:colcon.colcon_core.package_identification:_identify(src) by extensions ['python_setup_py']
[1.887s] Level 1:colcon.colcon_core.package_identification:_identify(src) by extension 'python_setup_py'
[1.895s] Level 1:colcon.colcon_core.package_identification:_identify(src/depth_follower) by extensions ['ignore', 'ignore_ament_install']
[1.895s] Level 1:colcon.colcon_core.package_identification:_identify(src/depth_follower) by extension 'ignore'
[1.898s] Level 1:colcon.colcon_core.package_identification:_identify(src/depth_follower) by extension 'ignore_ament_install'
[1.902s] Level 1:colcon.colcon_core.package_identification:_identify(src/depth_follower) by extensions ['colcon_pkg']
[1.902s] Level 1:colcon.colcon_core.package_identification:_identify(src/depth_follower) by extension 'colcon_pkg'
[1.904s] Level 1:colcon.colcon_core.package_identification:_identify(src/depth_follower) by extensions ['colcon_meta']
[1.904s] Level 1:colcon.colcon_core.package_identification:_identify(src/depth_follower) by extension 'colcon_meta'
[1.907s] Level 1:colcon.colcon_core.package_identification:_identify(src/depth_follower) by extensions ['ros']
[1.907s] Level 1:colcon.colcon_core.package_identification:_identify(src/depth_follower) by extension 'ros'
[1.933s] DEBUG:colcon.colcon_core.package_identification:Package 'src/depth_follower' with type 'ros.ament_python' and name 'depth_follower'
[1.940s] Level 1:colcon.colcon_core.package_identification:_identify(src/warehouse_env) by extensions ['ignore', 'ignore_ament_install']
[1.941s] Level 1:colcon.colcon_core.package_identification:_identify(src/warehouse_env) by extension 'ignore'
[1.942s] Level 1:colcon.colcon_core.package_identification:_identify(src/warehouse_env) by extension 'ignore_ament_install'
[1.947s] Level 1:colcon.colcon_core.package_identification:_identify(src/warehouse_env) by extensions ['colcon_pkg']
[1.948s] Level 1:colcon.colcon_core.package_identification:_identify(src/warehouse_env) by extension 'colcon_pkg'
[1.949s] Level 1:colcon.colcon_core.package_identification:_identify(src/warehouse_env) by extensions ['colcon_meta']
[1.950s] Level 1:colcon.colcon_core.package_identification:_identify(src/warehouse_env) by extension 'colcon_meta'
[1.953s] Level 1:colcon.colcon_core.package_identification:_identify(src/warehouse_env) by extensions ['ros']
[1.953s] Level 1:colcon.colcon_core.package_identification:_identify(src/warehouse_env) by extension 'ros'
[1.977s] DEBUG:colcon.colcon_core.package_identification:Package 'src/warehouse_env' with type 'ros.ament_python' and name 'warehouse_env'
[1.977s] Level 1:colcon.colcon_core.package_discovery:discover_packages(recursive) using defaults
[1.978s] Level 1:colcon.colcon_core.package_discovery:discover_packages(ignore) discover
[1.978s] Level 1:colcon.colcon_core.package_discovery:discover_packages(ignore) using defaults
[1.978s] Level 1:colcon.colcon_core.package_discovery:discover_packages(path) discover
[1.978s] Level 1:colcon.colcon_core.package_discovery:discover_packages(path) using defaults
[2.213s] Level 1:colcon.colcon_core.package_discovery:discover_packages(prefix_path) check parameters
[2.213s] Level 1:colcon.colcon_core.package_discovery:discover_packages(prefix_path) discover
[2.317s] DEBUG:colcon.colcon_installed_package_information.package_discovery:Found 2 installed packages in /mnt/c/Users/micah/Documents/SCMS_turtlebot/install
[2.318s] DEBUG:colcon.colcon_installed_package_information.package_discovery:Found 0 installed packages in /home/mpatching/ros2_ws/install
[2.320s] DEBUG:colcon.colcon_installed_package_information.package_discovery:Found 420 installed packages in /opt/ros/humble
[2.323s] Level 1:colcon.colcon_core.package_discovery:discover_packages(prefix_path) using defaults
[2.425s] Level 5:colcon.colcon_core.verb:set package 'depth_follower' build argument 'cmake_args' from command line to 'None'
[2.425s] Level 5:colcon.colcon_core.verb:set package 'depth_follower' build argument 'cmake_target' from command line to 'None'
[2.426s] Level 5:colcon.colcon_core.verb:set package 'depth_follower' build argument 'cmake_target_skip_unavailable' from command line to 'False'
[2.426s] Level 5:colcon.colcon_core.verb:set package 'depth_follower' build argument 'cmake_clean_cache' from command line to 'False'
[2.426s] Level 5:colcon.colcon_core.verb:set package 'depth_follower' build argument 'cmake_clean_first' from command line to 'False'
[2.427s] Level 5:colcon.colcon_core.verb:set package 'depth_follower' build argument 'cmake_force_configure' from command line to 'False'
[2.427s] Level 5:colcon.colcon_core.verb:set package 'depth_follower' build argument 'ament_cmake_args' from command line to 'None'
[2.427s] Level 5:colcon.colcon_core.verb:set package 'depth_follower' build argument 'catkin_cmake_args' from command line to 'None'
[2.428s] Level 5:colcon.colcon_core.verb:set package 'depth_follower' build argument 'catkin_skip_building_tests' from command line to 'False'
[2.428s] DEBUG:colcon.colcon_core.verb:Building package 'depth_follower' with the following arguments: {'ament_cmake_args': None, 'build_base': '/mnt/c/Users/micah/Documents/SCMS_turtlebot/build/depth_follower', 'catkin_cmake_args': None, 'catkin_skip_building_tests': False, 'cmake_args': None, 'cmake_clean_cache': False, 'cmake_clean_first': False, 'cmake_force_configure': False, 'cmake_target': None, 'cmake_target_skip_unavailable': False, 'install_base': '/mnt/c/Users/micah/Documents/SCMS_turtlebot/install/depth_follower', 'merge_install': False, 'path': '/mnt/c/Users/micah/Documents/SCMS_turtlebot/src/depth_follower', 'symlink_install': True, 'test_result_base': None}
[2.429s] Level 5:colcon.colcon_core.verb:set package 'warehouse_env' build argument 'cmake_args' from command line to 'None'
[2.429s] Level 5:colcon.colcon_core.verb:set package 'warehouse_env' build argument 'cmake_target' from command line to 'None'
[2.430s] Level 5:colcon.colcon_core.verb:set package 'warehouse_env' build argument 'cmake_target_skip_unavailable' from command line to 'False'
[2.430s] Level 5:colcon.colcon_core.verb:set package 'warehouse_env' build argument 'cmake_clean_cache' from command line to 'False'
[2.430s] Level 5:colcon.colcon_core.verb:set package 'warehouse_env' build argument 'cmake_clean_first' from command line to 'False'
[2.431s] Level 5:colcon.colcon_core.verb:set package 'warehouse_env' build argument 'cmake_force_configure' from command line to 'False'
[2.431s] Level 5:colcon.colcon_core.verb:set package 'warehouse_env' build argument 'ament_cmake_args' from command line to 'None'
[2.431s] Level 5:colcon.colcon_core.verb:set package 'warehouse_env' build argument 'catkin_cmake_args' from command line to 'None'
[2.432s] Level 5:colcon.colcon_core.verb:set package 'warehouse_env' build argument 'catkin_skip_building_tests' from command line to 'False'
[2.432s] DEBUG:colcon.colcon_core.verb:Building package 'warehouse_env' with the following arguments: {'ament_cmake_args': None, 'build_base': '/mnt/c/Users/micah/Documents/SCMS_turtlebot/build/warehouse_env', 'catkin_cmake_args': None, 'catkin_skip_building_tests': False, 'cmake_args': None, 'cmake_clean_cache': False, 'cmake_clean_first': False, 'cmake_force_configure': False, 'cmake_target': None, 'cmake_target_skip_unavailable': False, 'install_base': '/mnt/c/Users/micah/Documents/SCMS_turtlebot/install/warehouse_env', 'merge_install': False, 'path': '/mnt/c/Users/micah/Documents/SCMS_turtlebot/src/warehouse_env', 'symlink_install': True, 'test_result_base': None}
[2.432s] INFO:colcon.colcon_core.executor:Executing jobs using 'parallel' executor
[2.434s] DEBUG:colcon.colcon_parallel_executor.executor.parallel:run_until_complete
[2.434s] INFO:colcon.colcon_ros.task.ament_python.build:Building ROS package in '/mnt/c/Users/micah/Documents/SCMS_turtlebot/src/depth_follower' with build type 'ament_python'
[2.435s] Level 1:colcon.colcon_core.shell:create_environment_hook('depth_follower', 'ament_prefix_path')
[2.459s] INFO:colcon.colcon_core.plugin_system:Skipping extension 'colcon_core.shell.bat': Not used on non-Windows systems
[2.460s] INFO:colcon.colcon_core.shell:Creating environment hook '/mnt/c/Users/micah/Documents/SCMS_turtlebot/install/depth_follower/share/depth_follower/hook/ament_prefix_path.ps1'
[2.487s] INFO:colcon.colcon_core.shell:Creating environment descriptor '/mnt/c/Users/micah/Documents/SCMS_turtlebot/install/depth_follower/share/depth_follower/hook/ament_prefix_path.dsv'
[2.516s] INFO:colcon.colcon_core.shell:Creating environment hook '/mnt/c/Users/micah/Documents/SCMS_turtlebot/install/depth_follower/share/depth_follower/hook/ament_prefix_path.sh'
[2.550s] INFO:colcon.colcon_core.shell:Skip shell extension 'powershell' for command environment: Not usable outside of PowerShell
[2.550s] DEBUG:colcon.colcon_core.shell:Skip shell extension 'dsv' for command environment
[2.659s] INFO:colcon.colcon_ros.task.ament_python.build:Building ROS package in '/mnt/c/Users/micah/Documents/SCMS_turtlebot/src/warehouse_env' with build type 'ament_python'
[2.659s] Level 1:colcon.colcon_core.shell:create_environment_hook('warehouse_env', 'ament_prefix_path')
[2.660s] INFO:colcon.colcon_core.shell:Creating environment hook '/mnt/c/Users/micah/Documents/SCMS_turtlebot/install/warehouse_env/share/warehouse_env/hook/ament_prefix_path.ps1'
[2.694s] INFO:colcon.colcon_core.shell:Creating environment descriptor '/mnt/c/Users/micah/Documents/SCMS_turtlebot/install/warehouse_env/share/warehouse_env/hook/ament_prefix_path.dsv'
[2.725s] INFO:colcon.colcon_core.shell:Creating environment hook '/mnt/c/Users/micah/Documents/SCMS_turtlebot/install/warehouse_env/share/warehouse_env/hook/ament_prefix_path.sh'
[2.754s] INFO:colcon.colcon_core.shell:Skip shell extension 'powershell' for command environment: Not usable outside of PowerShell
[2.754s] DEBUG:colcon.colcon_core.shell:Skip shell extension 'dsv' for command environment
[4.855s] INFO:colcon.colcon_core.task.python.build:Building Python package in '/mnt/c/Users/micah/Documents/SCMS_turtlebot/src/depth_follower'
[4.855s] INFO:colcon.colcon_core.shell:Skip shell extension 'powershell' for command environment: Not usable outside of PowerShell
[4.856s] DEBUG:colcon.colcon_core.shell:Skip shell extension 'dsv' for command environment
[7.033s] INFO:colcon.colcon_core.task.python.build:Building Python package in '/mnt/c/Users/micah/Documents/SCMS_turtlebot/src/warehouse_env'
[7.034s] INFO:colcon.colcon_core.shell:Skip shell extension 'powershell' for command environment: Not usable outside of PowerShell
[7.035s] DEBUG:colcon.colcon_core.shell:Skip shell extension 'dsv' for command environment
[12.599s] DEBUG:colcon.colcon_core.event_handler.log_command:Invoking command in '/mnt/c/Users/micah/Documents/SCMS_turtlebot/build/depth_follower': PYTHONPATH=/mnt/c/Users/micah/Documents/SCMS_turtlebot/build/depth_follower/prefix_override:/usr/lib/python3/dist-packages/colcon_core/task/python/colcon_distutils_commands:/mnt/c/Users/micah/Documents/SCMS_turtlebot/install/depth_follower/lib/python3.10/site-packages:${PYTHONPATH} /usr/bin/python3 -W ignore:setup.py install is deprecated -W ignore:easy_install command is deprecated setup.py develop --editable --build-directory /mnt/c/Users/micah/Documents/SCMS_turtlebot/build/depth_follower/build --no-deps symlink_data
[13.301s] DEBUG:colcon.colcon_core.event_handler.log_command:Invoking command in '/mnt/c/Users/micah/Documents/SCMS_turtlebot/build/warehouse_env': PYTHONPATH=/mnt/c/Users/micah/Documents/SCMS_turtlebot/build/warehouse_env/prefix_override:/usr/lib/python3/dist-packages/colcon_core/task/python/colcon_distutils_commands:/mnt/c/Users/micah/Documents/SCMS_turtlebot/install/warehouse_env/lib/python3.10/site-packages:${PYTHONPATH} /usr/bin/python3 -W ignore:setup.py install is deprecated -W ignore:easy_install command is deprecated setup.py develop --editable --build-directory /mnt/c/Users/micah/Documents/SCMS_turtlebot/build/warehouse_env/build --no-deps symlink_data
[16.304s] Level 1:colcon.colcon_core.shell:create_environment_hook('depth_follower', 'pythonpath_develop')
[16.304s] INFO:colcon.colcon_core.shell:Creating environment hook '/mnt/c/Users/micah/Documents/SCMS_turtlebot/build/depth_follower/share/depth_follower/hook/pythonpath_develop.ps1'
[16.306s] DEBUG:colcon.colcon_core.event_handler.log_command:Invoked command in '/mnt/c/Users/micah/Documents/SCMS_turtlebot/build/depth_follower' returned '0': PYTHONPATH=/mnt/c/Users/micah/Documents/SCMS_turtlebot/build/depth_follower/prefix_override:/usr/lib/python3/dist-packages/colcon_core/task/python/colcon_distutils_commands:/mnt/c/Users/micah/Documents/SCMS_turtlebot/install/depth_follower/lib/python3.10/site-packages:${PYTHONPATH} /usr/bin/python3 -W ignore:setup.py install is deprecated -W ignore:easy_install command is deprecated setup.py develop --editable --build-directory /mnt/c/Users/micah/Documents/SCMS_turtlebot/build/depth_follower/build --no-deps symlink_data
[16.337s] INFO:colcon.colcon_core.shell:Creating environment descriptor '/mnt/c/Users/micah/Documents/SCMS_turtlebot/build/depth_follower/share/depth_follower/hook/pythonpath_develop.dsv'
[16.370s] INFO:colcon.colcon_core.shell:Creating environment hook '/mnt/c/Users/micah/Documents/SCMS_turtlebot/build/depth_follower/share/depth_follower/hook/pythonpath_develop.sh'
[16.429s] Level 1:colcon.colcon_core.environment:checking '/mnt/c/Users/micah/Documents/SCMS_turtlebot/install/depth_follower' for CMake module files
[16.565s] Level 1:colcon.colcon_core.environment:checking '/mnt/c/Users/micah/Documents/SCMS_turtlebot/install/depth_follower' for CMake config files
[16.797s] Level 1:colcon.colcon_core.environment:checking '/mnt/c/Users/micah/Documents/SCMS_turtlebot/install/depth_follower/lib'
[16.806s] Level 1:colcon.colcon_core.environment:checking '/mnt/c/Users/micah/Documents/SCMS_turtlebot/install/depth_follower/bin'
[16.809s] Level 1:colcon.colcon_core.environment:checking '/mnt/c/Users/micah/Documents/SCMS_turtlebot/install/depth_follower/lib/pkgconfig/depth_follower.pc'
[16.813s] Level 1:colcon.colcon_core.environment:checking '/mnt/c/Users/micah/Documents/SCMS_turtlebot/install/depth_follower/lib/python3.10/site-packages'
[16.818s] Level 1:colcon.colcon_core.shell:create_environment_hook('depth_follower', 'pythonpath')
[16.819s] INFO:colcon.colcon_core.shell:Creating environment hook '/mnt/c/Users/micah/Documents/SCMS_turtlebot/install/depth_follower/share/depth_follower/hook/pythonpath.ps1'
[16.853s] INFO:colcon.colcon_core.shell:Creating environment descriptor '/mnt/c/Users/micah/Documents/SCMS_turtlebot/install/depth_follower/share/depth_follower/hook/pythonpath.dsv'
[16.886s] INFO:colcon.colcon_core.shell:Creating environment hook '/mnt/c/Users/micah/Documents/SCMS_turtlebot/install/depth_follower/share/depth_follower/hook/pythonpath.sh'
[16.919s] Level 1:colcon.colcon_core.environment:checking '/mnt/c/Users/micah/Documents/SCMS_turtlebot/install/depth_follower/bin'
[16.920s] Level 1:colcon.colcon_core.environment:create_environment_scripts_only(depth_follower)
[16.921s] INFO:colcon.colcon_core.shell:Creating package script '/mnt/c/Users/micah/Documents/SCMS_turtlebot/install/depth_follower/share/depth_follower/package.ps1'
[17.007s] INFO:colcon.colcon_core.shell:Creating package descriptor '/mnt/c/Users/micah/Documents/SCMS_turtlebot/install/depth_follower/share/depth_follower/package.dsv'
[17.033s] INFO:colcon.colcon_core.shell:Creating package script '/mnt/c/Users/micah/Documents/SCMS_turtlebot/install/depth_follower/share/depth_follower/package.sh'
[17.063s] INFO:colcon.colcon_core.shell:Creating package script '/mnt/c/Users/micah/Documents/SCMS_turtlebot/install/depth_follower/share/depth_follower/package.bash'
[17.101s] INFO:colcon.colcon_core.shell:Creating package script '/mnt/c/Users/micah/Documents/SCMS_turtlebot/install/depth_follower/share/depth_follower/package.zsh'
[17.139s] Level 1:colcon.colcon_core.environment:create_file_with_runtime_dependencies(/mnt/c/Users/micah/Documents/SCMS_turtlebot/install/depth_follower/share/colcon-core/packages/depth_follower)
[17.820s] Level 1:colcon.colcon_core.shell:create_environment_hook('warehouse_env', 'pythonpath_develop')
[17.821s] INFO:colcon.colcon_core.shell:Creating environment hook '/mnt/c/Users/micah/Documents/SCMS_turtlebot/build/warehouse_env/share/warehouse_env/hook/pythonpath_develop.ps1'
[17.826s] DEBUG:colcon.colcon_core.event_handler.log_command:Invoked command in '/mnt/c/Users/micah/Documents/SCMS_turtlebot/build/warehouse_env' returned '0': PYTHONPATH=/mnt/c/Users/micah/Documents/SCMS_turtlebot/build/warehouse_env/prefix_override:/usr/lib/python3/dist-packages/colcon_core/task/python/colcon_distutils_commands:/mnt/c/Users/micah/Documents/SCMS_turtlebot/install/warehouse_env/lib/python3.10/site-packages:${PYTHONPATH} /usr/bin/python3 -W ignore:setup.py install is deprecated -W ignore:easy_install command is deprecated setup.py develop --editable --build-directory /mnt/c/Users/micah/Documents/SCMS_turtlebot/build/warehouse_env/build --no-deps symlink_data
[17.857s] INFO:colcon.colcon_core.shell:Creating environment descriptor '/mnt/c/Users/micah/Documents/SCMS_turtlebot/build/warehouse_env/share/warehouse_env/hook/pythonpath_develop.dsv'
[17.888s] INFO:colcon.colcon_core.shell:Creating environment hook '/mnt/c/Users/micah/Documents/SCMS_turtlebot/build/warehouse_env/share/warehouse_env/hook/pythonpath_develop.sh'
[17.922s] Level 1:colcon.colcon_core.environment:checking '/mnt/c/Users/micah/Documents/SCMS_turtlebot/install/warehouse_env' for CMake module files
[18.033s] Level 1:colcon.colcon_core.environment:checking '/mnt/c/Users/micah/Documents/SCMS_turtlebot/install/warehouse_env' for CMake config files
[18.414s] Level 1:colcon.colcon_core.environment:checking '/mnt/c/Users/micah/Documents/SCMS_turtlebot/install/warehouse_env/lib'
[18.422s] Level 1:colcon.colcon_core.environment:checking '/mnt/c/Users/micah/Documents/SCMS_turtlebot/install/warehouse_env/bin'
[18.425s] Level 1:colcon.colcon_core.environment:checking '/mnt/c/Users/micah/Documents/SCMS_turtlebot/install/warehouse_env/lib/pkgconfig/warehouse_env.pc'
[18.429s] Level 1:colcon.colcon_core.environment:checking '/mnt/c/Users/micah/Documents/SCMS_turtlebot/install/warehouse_env/lib/python3.10/site-packages'
[18.433s] Level 1:colcon.colcon_core.shell:create_environment_hook('warehouse_env', 'pythonpath')
[18.434s] INFO:colcon.colcon_core.shell:Creating environment hook '/mnt/c/Users/micah/Documents/SCMS_turtlebot/install/warehouse_env/share/warehouse_env/hook/pythonpath.ps1'
[18.472s] INFO:colcon.colcon_core.shell:Creating environment descriptor '/mnt/c/Users/micah/Documents/SCMS_turtlebot/install/warehouse_env/share/warehouse_env/hook/pythonpath.dsv'
[18.501s] INFO:colcon.colcon_core.shell:Creating environment hook '/mnt/c/Users/micah/Documents/SCMS_turtlebot/install/warehouse_env/share/warehouse_env/hook/pythonpath.sh'
[18.532s] Level 1:colcon.colcon_core.environment:checking '/mnt/c/Users/micah/Documents/SCMS_turtlebot/install/warehouse_env/bin'
[18.537s] Level 1:colcon.colcon_core.environment:create_environment_scripts_only(warehouse_env)
[18.538s] INFO:colcon.colcon_core.shell:Creating package script '/mnt/c/Users/micah/Documents/SCMS_turtlebot/install/warehouse_env/share/warehouse_env/package.ps1'
[18.624s] INFO:colcon.colcon_core.shell:Creating package descriptor '/mnt/c/Users/micah/Documents/SCMS_turtlebot/install/warehouse_env/share/warehouse_env/package.dsv'
[18.666s] INFO:colcon.colcon_core.shell:Creating package script '/mnt/c/Users/micah/Documents/SCMS_turtlebot/install/warehouse_env/share/warehouse_env/package.sh'
[18.698s] INFO:colcon.colcon_core.shell:Creating package script '/mnt/c/Users/micah/Documents/SCMS_turtlebot/install/warehouse_env/share/warehouse_env/package.bash'
[18.735s] INFO:colcon.colcon_core.shell:Creating package script '/mnt/c/Users/micah/Documents/SCMS_turtlebot/install/warehouse_env/share/warehouse_env/package.zsh'
[18.777s] Level 1:colcon.colcon_core.environment:create_file_with_runtime_dependencies(/mnt/c/Users/micah/Documents/SCMS_turtlebot/install/warehouse_env/share/colcon-core/packages/warehouse_env)
[18.793s] DEBUG:colcon.colcon_parallel_executor.executor.parallel:closing loop
[18.794s] DEBUG:colcon.colcon_parallel_executor.executor.parallel:loop closed
[18.794s] DEBUG:colcon.colcon_parallel_executor.executor.parallel:run_until_complete finished with '0'
[18.795s] DEBUG:colcon.colcon_core.event_reactor:joining thread
[18.911s] INFO:colcon.colcon_core.plugin_system:Skipping extension 'colcon_notification.desktop_notification.notify_send': Could not find 'notify-send'
[18.912s] INFO:colcon.colcon_core.plugin_system:Skipping extension 'colcon_notification.desktop_notification.terminal_notifier': Not used on non-Darwin systems
[18.912s] INFO:colcon.colcon_core.plugin_system:Skipping extension 'colcon_notification.desktop_notification.win32': Not used on non-Windows systems
[18.912s] INFO:colcon.colcon_notification.desktop_notification:Sending desktop notification using 'notify2'
[18.913s] DEBUG:colcon.colcon_notification.desktop_notification.notify2:Failed to initialize notify2: org.freedesktop.DBus.Error.ServiceUnknown: The name org.freedesktop.Notifications was not provided by any .service files
[18.914s] DEBUG:colcon.colcon_core.event_reactor:joined thread
[18.914s] INFO:colcon.colcon_core.shell:Creating prefix script '/mnt/c/Users/micah/Documents/SCMS_turtlebot/install/local_setup.ps1'
[18.968s] INFO:colcon.colcon_core.shell:Creating prefix util module '/mnt/c/Users/micah/Documents/SCMS_turtlebot/install/_local_setup_util_ps1.py'
[18.989s] INFO:colcon.colcon_core.shell:Creating prefix chain script '/mnt/c/Users/micah/Documents/SCMS_turtlebot/install/setup.ps1'
[19.059s] INFO:colcon.colcon_core.shell:Creating prefix script '/mnt/c/Users/micah/Documents/SCMS_turtlebot/install/local_setup.sh'
[19.084s] INFO:colcon.colcon_core.shell:Creating prefix util module '/mnt/c/Users/micah/Documents/SCMS_turtlebot/install/_local_setup_util_sh.py'
[19.104s] INFO:colcon.colcon_core.shell:Creating prefix chain script '/mnt/c/Users/micah/Documents/SCMS_turtlebot/install/setup.sh'
[19.159s] INFO:colcon.colcon_core.shell:Creating prefix script '/mnt/c/Users/micah/Documents/SCMS_turtlebot/install/local_setup.bash'
[19.186s] INFO:colcon.colcon_core.shell:Creating prefix chain script '/mnt/c/Users/micah/Documents/SCMS_turtlebot/install/setup.bash'
[19.232s] INFO:colcon.colcon_core.shell:Creating prefix script '/mnt/c/Users/micah/Documents/SCMS_turtlebot/install/local_setup.zsh'
[19.248s] INFO:colcon.colcon_core.shell:Creating prefix chain script '/mnt/c/Users/micah/Documents/SCMS_turtlebot/install/setup.zsh'
