running egg_info
creating ../build/depth_follower/depth_follower.egg-info
writing ../build/depth_follower/depth_follower.egg-info/PKG-INFO
writing dependency_links to ../build/depth_follower/depth_follower.egg-info/dependency_links.txt
writing entry points to ../build/depth_follower/depth_follower.egg-info/entry_points.txt
writing requirements to ../build/depth_follower/depth_follower.egg-info/requires.txt
writing top-level names to ../build/depth_follower/depth_follower.egg-info/top_level.txt
writing manifest file '../build/depth_follower/depth_follower.egg-info/SOURCES.txt'
reading manifest file '../build/depth_follower/depth_follower.egg-info/SOURCES.txt'
writing manifest file '../build/depth_follower/depth_follower.egg-info/SOURCES.txt'
running build
running build_py
creating /mnt/c/Users/micah/Documents/SCMS_turtlebot/build/depth_follower/build
creating /mnt/c/Users/micah/Documents/SCMS_turtlebot/build/depth_follower/build/lib
creating /mnt/c/Users/micah/Documents/SCMS_turtlebot/build/depth_follower/build/lib/depth_follower
copying depth_follower/depth_follower_node.py -> /mnt/c/Users/micah/Documents/SCMS_turtlebot/build/depth_follower/build/lib/depth_follower
copying depth_follower/__init__.py -> /mnt/c/Users/micah/Documents/SCMS_turtlebot/build/depth_follower/build/lib/depth_follower
running install
running install_lib
creating /mnt/c/Users/micah/Documents/SCMS_turtlebot/install/depth_follower/lib/python3.10/site-packages/depth_follower
copying /mnt/c/Users/micah/Documents/SCMS_turtlebot/build/depth_follower/build/lib/depth_follower/depth_follower_node.py -> /mnt/c/Users/micah/Documents/SCMS_turtlebot/install/depth_follower/lib/python3.10/site-packages/depth_follower
copying /mnt/c/Users/micah/Documents/SCMS_turtlebot/build/depth_follower/build/lib/depth_follower/__init__.py -> /mnt/c/Users/micah/Documents/SCMS_turtlebot/install/depth_follower/lib/python3.10/site-packages/depth_follower
byte-compiling /mnt/c/Users/micah/Documents/SCMS_turtlebot/install/depth_follower/lib/python3.10/site-packages/depth_follower/depth_follower_node.py to depth_follower_node.cpython-310.pyc
byte-compiling /mnt/c/Users/micah/Documents/SCMS_turtlebot/install/depth_follower/lib/python3.10/site-packages/depth_follower/__init__.py to __init__.cpython-310.pyc
running install_data
creating /mnt/c/Users/micah/Documents/SCMS_turtlebot/install/depth_follower/share/ament_index
creating /mnt/c/Users/micah/Documents/SCMS_turtlebot/install/depth_follower/share/ament_index/resource_index
creating /mnt/c/Users/micah/Documents/SCMS_turtlebot/install/depth_follower/share/ament_index/resource_index/packages
copying resource/depth_follower -> /mnt/c/Users/micah/Documents/SCMS_turtlebot/install/depth_follower/share/ament_index/resource_index/packages
copying package.xml -> /mnt/c/Users/micah/Documents/SCMS_turtlebot/install/depth_follower/share/depth_follower
creating /mnt/c/Users/micah/Documents/SCMS_turtlebot/install/depth_follower/share/depth_follower/launch
copying launch/follower.launch.py -> /mnt/c/Users/micah/Documents/SCMS_turtlebot/install/depth_follower/share/depth_follower/launch
creating /mnt/c/Users/micah/Documents/SCMS_turtlebot/install/depth_follower/share/depth_follower/config
copying config/follower.params.yaml -> /mnt/c/Users/micah/Documents/SCMS_turtlebot/install/depth_follower/share/depth_follower/config
running install_egg_info
Copying ../build/depth_follower/depth_follower.egg-info to /mnt/c/Users/micah/Documents/SCMS_turtlebot/install/depth_follower/lib/python3.10/site-packages/depth_follower-0.0.1-py3.10.egg-info
running install_scripts
Installing depth_follower_node script to /mnt/c/Users/micah/Documents/SCMS_turtlebot/install/depth_follower/lib/depth_follower
writing list of installed files to '/mnt/c/Users/micah/Documents/SCMS_turtlebot/build/depth_follower/install.log'
