[1.119s] Invoking command in '/mnt/c/Users/micah/Documents/SCMS_turtlebot/depth_follower': PYTHONPATH=/mnt/c/Users/micah/Documents/SCMS_turtlebot/build/depth_follower/prefix_override:/usr/lib/python3/dist-packages/colcon_core/task/python/colcon_distutils_commands:/mnt/c/Users/micah/Documents/SCMS_turtlebot/install/depth_follower/lib/python3.10/site-packages:${PYTHONPATH} /usr/bin/python3 -W ignore:setup.py install is deprecated -W ignore:easy_install command is deprecated setup.py egg_info --egg-base ../build/depth_follower build --build-base /mnt/c/Users/micah/Documents/SCMS_turtlebot/build/depth_follower/build install --record /mnt/c/Users/micah/Documents/SCMS_turtlebot/build/depth_follower/install.log --single-version-externally-managed install_data
[1.647s] running egg_info
[1.650s] creating ../build/depth_follower/depth_follower.egg-info
[1.653s] writing ../build/depth_follower/depth_follower.egg-info/PKG-INFO
[1.664s] writing dependency_links to ../build/depth_follower/depth_follower.egg-info/dependency_links.txt
[1.670s] writing entry points to ../build/depth_follower/depth_follower.egg-info/entry_points.txt
[1.680s] writing requirements to ../build/depth_follower/depth_follower.egg-info/requires.txt
[1.684s] writing top-level names to ../build/depth_follower/depth_follower.egg-info/top_level.txt
[1.690s] writing manifest file '../build/depth_follower/depth_follower.egg-info/SOURCES.txt'
[1.711s] reading manifest file '../build/depth_follower/depth_follower.egg-info/SOURCES.txt'
[1.750s] writing manifest file '../build/depth_follower/depth_follower.egg-info/SOURCES.txt'
[1.755s] running build
[1.756s] running build_py
[1.760s] creating /mnt/c/Users/micah/Documents/SCMS_turtlebot/build/depth_follower/build
[1.761s] creating /mnt/c/Users/micah/Documents/SCMS_turtlebot/build/depth_follower/build/lib
[1.763s] creating /mnt/c/Users/micah/Documents/SCMS_turtlebot/build/depth_follower/build/lib/depth_follower
[1.769s] copying depth_follower/depth_follower_node.py -> /mnt/c/Users/micah/Documents/SCMS_turtlebot/build/depth_follower/build/lib/depth_follower
[1.796s] copying depth_follower/__init__.py -> /mnt/c/Users/micah/Documents/SCMS_turtlebot/build/depth_follower/build/lib/depth_follower
[1.816s] running install
[1.817s] running install_lib
[1.832s] creating /mnt/c/Users/micah/Documents/SCMS_turtlebot/install/depth_follower/lib/python3.10/site-packages/depth_follower
[1.844s] copying /mnt/c/Users/micah/Documents/SCMS_turtlebot/build/depth_follower/build/lib/depth_follower/depth_follower_node.py -> /mnt/c/Users/micah/Documents/SCMS_turtlebot/install/depth_follower/lib/python3.10/site-packages/depth_follower
[1.869s] copying /mnt/c/Users/micah/Documents/SCMS_turtlebot/build/depth_follower/build/lib/depth_follower/__init__.py -> /mnt/c/Users/micah/Documents/SCMS_turtlebot/install/depth_follower/lib/python3.10/site-packages/depth_follower
[1.895s] byte-compiling /mnt/c/Users/micah/Documents/SCMS_turtlebot/install/depth_follower/lib/python3.10/site-packages/depth_follower/depth_follower_node.py to depth_follower_node.cpython-310.pyc
[1.928s] byte-compiling /mnt/c/Users/micah/Documents/SCMS_turtlebot/install/depth_follower/lib/python3.10/site-packages/depth_follower/__init__.py to __init__.cpython-310.pyc
[1.954s] running install_data
[1.959s] creating /mnt/c/Users/micah/Documents/SCMS_turtlebot/install/depth_follower/share/ament_index
[1.961s] creating /mnt/c/Users/micah/Documents/SCMS_turtlebot/install/depth_follower/share/ament_index/resource_index
[1.962s] creating /mnt/c/Users/micah/Documents/SCMS_turtlebot/install/depth_follower/share/ament_index/resource_index/packages
[1.969s] copying resource/depth_follower -> /mnt/c/Users/micah/Documents/SCMS_turtlebot/install/depth_follower/share/ament_index/resource_index/packages
[1.984s] copying package.xml -> /mnt/c/Users/micah/Documents/SCMS_turtlebot/install/depth_follower/share/depth_follower
[1.998s] creating /mnt/c/Users/micah/Documents/SCMS_turtlebot/install/depth_follower/share/depth_follower/launch
[2.004s] copying launch/follower.launch.py -> /mnt/c/Users/micah/Documents/SCMS_turtlebot/install/depth_follower/share/depth_follower/launch
[2.022s] creating /mnt/c/Users/micah/Documents/SCMS_turtlebot/install/depth_follower/share/depth_follower/config
[2.030s] copying config/follower.params.yaml -> /mnt/c/Users/micah/Documents/SCMS_turtlebot/install/depth_follower/share/depth_follower/config
[2.044s] running install_egg_info
[2.059s] Copying ../build/depth_follower/depth_follower.egg-info to /mnt/c/Users/micah/Documents/SCMS_turtlebot/install/depth_follower/lib/python3.10/site-packages/depth_follower-0.0.1-py3.10.egg-info
[2.249s] running install_scripts
[2.304s] Installing depth_follower_node script to /mnt/c/Users/micah/Documents/SCMS_turtlebot/install/depth_follower/lib/depth_follower
[2.318s] writing list of installed files to '/mnt/c/Users/micah/Documents/SCMS_turtlebot/build/depth_follower/install.log'
[2.342s] Invoked command in '/mnt/c/Users/micah/Documents/SCMS_turtlebot/depth_follower' returned '0': PYTHONPATH=/mnt/c/Users/micah/Documents/SCMS_turtlebot/build/depth_follower/prefix_override:/usr/lib/python3/dist-packages/colcon_core/task/python/colcon_distutils_commands:/mnt/c/Users/micah/Documents/SCMS_turtlebot/install/depth_follower/lib/python3.10/site-packages:${PYTHONPATH} /usr/bin/python3 -W ignore:setup.py install is deprecated -W ignore:easy_install command is deprecated setup.py egg_info --egg-base ../build/depth_follower build --build-base /mnt/c/Users/micah/Documents/SCMS_turtlebot/build/depth_follower/build install --record /mnt/c/Users/micah/Documents/SCMS_turtlebot/build/depth_follower/install.log --single-version-externally-managed install_data
