[1.202s] DEBUG:colcon:Command line arguments: ['/usr/bin/colcon', 'build', '--symlink-install']
[1.203s] DEBUG:colcon:Parsed command line arguments: Namespace(log_base=None, log_level=None, verb_name='build', build_base='build', install_base='install', merge_install=False, symlink_install=True, test_result_base=None, continue_on_error=False, executor='parallel', parallel_workers=22, event_handlers=None, ignore_user_meta=False, metas=['./colcon.meta'], base_paths=['.'], packages_ignore=None, packages_ignore_regex=None, paths=None, packages_up_to=None, packages_up_to_regex=None, packages_above=None, packages_above_and_dependencies=None, packages_above_depth=None, packages_select_by_dep=None, packages_skip_by_dep=None, packages_skip_up_to=None, packages_select_build_failed=False, packages_skip_build_finished=False, packages_select_test_failures=False, packages_skip_test_passed=False, packages_select=None, packages_skip=None, packages_select_regex=None, packages_skip_regex=None, packages_start=None, packages_end=None, allow_overriding=[], cmake_args=None, cmake_target=None, cmake_target_skip_unavailable=False, cmake_clean_cache=False, cmake_clean_first=False, cmake_force_configure=False, ament_cmake_args=None, catkin_cmake_args=None, catkin_skip_building_tests=False, mixin_files=None, mixin=None, verb_parser=<colcon_mixin.mixin.mixin_argument.MixinArgumentDecorator object at 0x72e91914ed40>, verb_extension=<colcon_core.verb.build.BuildVerb object at 0x72e919253b50>, main=<bound method BuildVerb.main of <colcon_core.verb.build.BuildVerb object at 0x72e919253b50>>, mixin_verb=('build',))
[1.920s] Level 1:colcon.colcon_core.package_discovery:discover_packages(colcon_meta) check parameters
[1.921s] Level 1:colcon.colcon_core.package_discovery:discover_packages(recursive) check parameters
[1.922s] Level 1:colcon.colcon_core.package_discovery:discover_packages(ignore) check parameters
[1.922s] Level 1:colcon.colcon_core.package_discovery:discover_packages(path) check parameters
[1.923s] Level 1:colcon.colcon_core.package_discovery:discover_packages(colcon_meta) discover
[1.925s] Level 1:colcon.colcon_core.package_discovery:discover_packages(recursive) discover
[1.926s] INFO:colcon.colcon_core.package_discovery:Crawling recursively for packages in '/mnt/c/Users/micah/Documents/SCMS_turtlebot'
[1.929s] Level 1:colcon.colcon_core.package_identification:_identify(.) by extensions ['ignore', 'ignore_ament_install']
[1.930s] Level 1:colcon.colcon_core.package_identification:_identify(.) by extension 'ignore'
[1.931s] Level 1:colcon.colcon_core.package_identification:_identify(.) by extension 'ignore_ament_install'
[1.932s] Level 1:colcon.colcon_core.package_identification:_identify(.) by extensions ['colcon_pkg']
[1.932s] Level 1:colcon.colcon_core.package_identification:_identify(.) by extension 'colcon_pkg'
[1.934s] Level 1:colcon.colcon_core.package_identification:_identify(.) by extensions ['colcon_meta']
[1.934s] Level 1:colcon.colcon_core.package_identification:_identify(.) by extension 'colcon_meta'
[1.935s] Level 1:colcon.colcon_core.package_identification:_identify(.) by extensions ['ros']
[1.935s] Level 1:colcon.colcon_core.package_identification:_identify(.) by extension 'ros'
[1.963s] Level 1:colcon.colcon_core.package_identification:_identify(.) by extensions ['cmake', 'python']
[1.964s] Level 1:colcon.colcon_core.package_identification:_identify(.) by extension 'cmake'
[1.965s] Level 1:colcon.colcon_core.package_identification:_identify(.) by extension 'python'
[1.966s] Level 1:colcon.colcon_core.package_identification:_identify(.) by extensions ['python_setup_py']
[1.966s] Level 1:colcon.colcon_core.package_identification:_identify(.) by extension 'python_setup_py'
[1.973s] Level 1:colcon.colcon_core.package_identification:_identify(build) by extensions ['ignore', 'ignore_ament_install']
[1.974s] Level 1:colcon.colcon_core.package_identification:_identify(build) by extension 'ignore'
[1.976s] Level 1:colcon.colcon_core.package_identification:_identify(build) ignored
[1.980s] Level 1:colcon.colcon_core.package_identification:_identify(install) by extensions ['ignore', 'ignore_ament_install']
[1.981s] Level 1:colcon.colcon_core.package_identification:_identify(install) by extension 'ignore'
[1.985s] Level 1:colcon.colcon_core.package_identification:_identify(install) ignored
[1.993s] Level 1:colcon.colcon_core.package_identification:_identify(log) by extensions ['ignore', 'ignore_ament_install']
[1.994s] Level 1:colcon.colcon_core.package_identification:_identify(log) by extension 'ignore'
[1.996s] Level 1:colcon.colcon_core.package_identification:_identify(log) ignored
[2.003s] Level 1:colcon.colcon_core.package_identification:_identify(src) by extensions ['ignore', 'ignore_ament_install']
[2.003s] Level 1:colcon.colcon_core.package_identification:_identify(src) by extension 'ignore'
[2.005s] Level 1:colcon.colcon_core.package_identification:_identify(src) by extension 'ignore_ament_install'
[2.007s] Level 1:colcon.colcon_core.package_identification:_identify(src) by extensions ['colcon_pkg']
[2.008s] Level 1:colcon.colcon_core.package_identification:_identify(src) by extension 'colcon_pkg'
[2.009s] Level 1:colcon.colcon_core.package_identification:_identify(src) by extensions ['colcon_meta']
[2.009s] Level 1:colcon.colcon_core.package_identification:_identify(src) by extension 'colcon_meta'
[2.011s] Level 1:colcon.colcon_core.package_identification:_identify(src) by extensions ['ros']
[2.012s] Level 1:colcon.colcon_core.package_identification:_identify(src) by extension 'ros'
[2.018s] Level 1:colcon.colcon_core.package_identification:_identify(src) by extensions ['cmake', 'python']
[2.019s] Level 1:colcon.colcon_core.package_identification:_identify(src) by extension 'cmake'
[2.020s] Level 1:colcon.colcon_core.package_identification:_identify(src) by extension 'python'
[2.022s] Level 1:colcon.colcon_core.package_identification:_identify(src) by extensions ['python_setup_py']
[2.022s] Level 1:colcon.colcon_core.package_identification:_identify(src) by extension 'python_setup_py'
[2.032s] Level 1:colcon.colcon_core.package_identification:_identify(src/depth_follower) by extensions ['ignore', 'ignore_ament_install']
[2.032s] Level 1:colcon.colcon_core.package_identification:_identify(src/depth_follower) by extension 'ignore'
[2.035s] Level 1:colcon.colcon_core.package_identification:_identify(src/depth_follower) by extension 'ignore_ament_install'
[2.041s] Level 1:colcon.colcon_core.package_identification:_identify(src/depth_follower) by extensions ['colcon_pkg']
[2.042s] Level 1:colcon.colcon_core.package_identification:_identify(src/depth_follower) by extension 'colcon_pkg'
[2.045s] Level 1:colcon.colcon_core.package_identification:_identify(src/depth_follower) by extensions ['colcon_meta']
[2.046s] Level 1:colcon.colcon_core.package_identification:_identify(src/depth_follower) by extension 'colcon_meta'
[2.050s] Level 1:colcon.colcon_core.package_identification:_identify(src/depth_follower) by extensions ['ros']
[2.050s] Level 1:colcon.colcon_core.package_identification:_identify(src/depth_follower) by extension 'ros'
[2.082s] DEBUG:colcon.colcon_core.package_identification:Package 'src/depth_follower' with type 'ros.ament_python' and name 'depth_follower'
[2.089s] Level 1:colcon.colcon_core.package_identification:_identify(src/warehouse_env) by extensions ['ignore', 'ignore_ament_install']
[2.090s] Level 1:colcon.colcon_core.package_identification:_identify(src/warehouse_env) by extension 'ignore'
[2.092s] Level 1:colcon.colcon_core.package_identification:_identify(src/warehouse_env) by extension 'ignore_ament_install'
[2.097s] Level 1:colcon.colcon_core.package_identification:_identify(src/warehouse_env) by extensions ['colcon_pkg']
[2.097s] Level 1:colcon.colcon_core.package_identification:_identify(src/warehouse_env) by extension 'colcon_pkg'
[2.101s] Level 1:colcon.colcon_core.package_identification:_identify(src/warehouse_env) by extensions ['colcon_meta']
[2.101s] Level 1:colcon.colcon_core.package_identification:_identify(src/warehouse_env) by extension 'colcon_meta'
[2.104s] Level 1:colcon.colcon_core.package_identification:_identify(src/warehouse_env) by extensions ['ros']
[2.105s] Level 1:colcon.colcon_core.package_identification:_identify(src/warehouse_env) by extension 'ros'
[2.133s] DEBUG:colcon.colcon_core.package_identification:Package 'src/warehouse_env' with type 'ros.ament_python' and name 'warehouse_env'
[2.133s] Level 1:colcon.colcon_core.package_discovery:discover_packages(recursive) using defaults
[2.133s] Level 1:colcon.colcon_core.package_discovery:discover_packages(ignore) discover
[2.134s] Level 1:colcon.colcon_core.package_discovery:discover_packages(ignore) using defaults
[2.134s] Level 1:colcon.colcon_core.package_discovery:discover_packages(path) discover
[2.134s] Level 1:colcon.colcon_core.package_discovery:discover_packages(path) using defaults
[2.393s] Level 1:colcon.colcon_core.package_discovery:discover_packages(prefix_path) check parameters
[2.393s] Level 1:colcon.colcon_core.package_discovery:discover_packages(prefix_path) discover
[2.489s] DEBUG:colcon.colcon_installed_package_information.package_discovery:Found 2 installed packages in /mnt/c/Users/micah/Documents/SCMS_turtlebot/install
[2.490s] DEBUG:colcon.colcon_installed_package_information.package_discovery:Found 0 installed packages in /home/mpatching/ros2_ws/install
[2.492s] DEBUG:colcon.colcon_installed_package_information.package_discovery:Found 420 installed packages in /opt/ros/humble
[2.495s] Level 1:colcon.colcon_core.package_discovery:discover_packages(prefix_path) using defaults
[2.595s] Level 5:colcon.colcon_core.verb:set package 'depth_follower' build argument 'cmake_args' from command line to 'None'
[2.595s] Level 5:colcon.colcon_core.verb:set package 'depth_follower' build argument 'cmake_target' from command line to 'None'
[2.595s] Level 5:colcon.colcon_core.verb:set package 'depth_follower' build argument 'cmake_target_skip_unavailable' from command line to 'False'
[2.596s] Level 5:colcon.colcon_core.verb:set package 'depth_follower' build argument 'cmake_clean_cache' from command line to 'False'
[2.596s] Level 5:colcon.colcon_core.verb:set package 'depth_follower' build argument 'cmake_clean_first' from command line to 'False'
[2.597s] Level 5:colcon.colcon_core.verb:set package 'depth_follower' build argument 'cmake_force_configure' from command line to 'False'
[2.597s] Level 5:colcon.colcon_core.verb:set package 'depth_follower' build argument 'ament_cmake_args' from command line to 'None'
[2.597s] Level 5:colcon.colcon_core.verb:set package 'depth_follower' build argument 'catkin_cmake_args' from command line to 'None'
[2.597s] Level 5:colcon.colcon_core.verb:set package 'depth_follower' build argument 'catkin_skip_building_tests' from command line to 'False'
[2.598s] DEBUG:colcon.colcon_core.verb:Building package 'depth_follower' with the following arguments: {'ament_cmake_args': None, 'build_base': '/mnt/c/Users/micah/Documents/SCMS_turtlebot/build/depth_follower', 'catkin_cmake_args': None, 'catkin_skip_building_tests': False, 'cmake_args': None, 'cmake_clean_cache': False, 'cmake_clean_first': False, 'cmake_force_configure': False, 'cmake_target': None, 'cmake_target_skip_unavailable': False, 'install_base': '/mnt/c/Users/micah/Documents/SCMS_turtlebot/install/depth_follower', 'merge_install': False, 'path': '/mnt/c/Users/micah/Documents/SCMS_turtlebot/src/depth_follower', 'symlink_install': True, 'test_result_base': None}
[2.598s] Level 5:colcon.colcon_core.verb:set package 'warehouse_env' build argument 'cmake_args' from command line to 'None'
[2.599s] Level 5:colcon.colcon_core.verb:set package 'warehouse_env' build argument 'cmake_target' from command line to 'None'
[2.599s] Level 5:colcon.colcon_core.verb:set package 'warehouse_env' build argument 'cmake_target_skip_unavailable' from command line to 'False'
[2.599s] Level 5:colcon.colcon_core.verb:set package 'warehouse_env' build argument 'cmake_clean_cache' from command line to 'False'
[2.600s] Level 5:colcon.colcon_core.verb:set package 'warehouse_env' build argument 'cmake_clean_first' from command line to 'False'
[2.600s] Level 5:colcon.colcon_core.verb:set package 'warehouse_env' build argument 'cmake_force_configure' from command line to 'False'
[2.600s] Level 5:colcon.colcon_core.verb:set package 'warehouse_env' build argument 'ament_cmake_args' from command line to 'None'
[2.600s] Level 5:colcon.colcon_core.verb:set package 'warehouse_env' build argument 'catkin_cmake_args' from command line to 'None'
[2.600s] Level 5:colcon.colcon_core.verb:set package 'warehouse_env' build argument 'catkin_skip_building_tests' from command line to 'False'
[2.601s] DEBUG:colcon.colcon_core.verb:Building package 'warehouse_env' with the following arguments: {'ament_cmake_args': None, 'build_base': '/mnt/c/Users/micah/Documents/SCMS_turtlebot/build/warehouse_env', 'catkin_cmake_args': None, 'catkin_skip_building_tests': False, 'cmake_args': None, 'cmake_clean_cache': False, 'cmake_clean_first': False, 'cmake_force_configure': False, 'cmake_target': None, 'cmake_target_skip_unavailable': False, 'install_base': '/mnt/c/Users/micah/Documents/SCMS_turtlebot/install/warehouse_env', 'merge_install': False, 'path': '/mnt/c/Users/micah/Documents/SCMS_turtlebot/src/warehouse_env', 'symlink_install': True, 'test_result_base': None}
[2.601s] INFO:colcon.colcon_core.executor:Executing jobs using 'parallel' executor
[2.603s] DEBUG:colcon.colcon_parallel_executor.executor.parallel:run_until_complete
[2.604s] INFO:colcon.colcon_ros.task.ament_python.build:Building ROS package in '/mnt/c/Users/micah/Documents/SCMS_turtlebot/src/depth_follower' with build type 'ament_python'
[2.606s] Level 1:colcon.colcon_core.shell:create_environment_hook('depth_follower', 'ament_prefix_path')
[2.635s] INFO:colcon.colcon_core.plugin_system:Skipping extension 'colcon_core.shell.bat': Not used on non-Windows systems
[2.635s] INFO:colcon.colcon_core.shell:Creating environment hook '/mnt/c/Users/micah/Documents/SCMS_turtlebot/install/depth_follower/share/depth_follower/hook/ament_prefix_path.ps1'
[2.668s] INFO:colcon.colcon_core.shell:Creating environment descriptor '/mnt/c/Users/micah/Documents/SCMS_turtlebot/install/depth_follower/share/depth_follower/hook/ament_prefix_path.dsv'
[2.696s] INFO:colcon.colcon_core.shell:Creating environment hook '/mnt/c/Users/micah/Documents/SCMS_turtlebot/install/depth_follower/share/depth_follower/hook/ament_prefix_path.sh'
[2.733s] INFO:colcon.colcon_core.shell:Skip shell extension 'powershell' for command environment: Not usable outside of PowerShell
[2.733s] DEBUG:colcon.colcon_core.shell:Skip shell extension 'dsv' for command environment
[2.849s] INFO:colcon.colcon_ros.task.ament_python.build:Building ROS package in '/mnt/c/Users/micah/Documents/SCMS_turtlebot/src/warehouse_env' with build type 'ament_python'
[2.850s] Level 1:colcon.colcon_core.shell:create_environment_hook('warehouse_env', 'ament_prefix_path')
[2.851s] INFO:colcon.colcon_core.shell:Creating environment hook '/mnt/c/Users/micah/Documents/SCMS_turtlebot/install/warehouse_env/share/warehouse_env/hook/ament_prefix_path.ps1'
[2.884s] INFO:colcon.colcon_core.shell:Creating environment descriptor '/mnt/c/Users/micah/Documents/SCMS_turtlebot/install/warehouse_env/share/warehouse_env/hook/ament_prefix_path.dsv'
[2.916s] INFO:colcon.colcon_core.shell:Creating environment hook '/mnt/c/Users/micah/Documents/SCMS_turtlebot/install/warehouse_env/share/warehouse_env/hook/ament_prefix_path.sh'
[2.952s] INFO:colcon.colcon_core.shell:Skip shell extension 'powershell' for command environment: Not usable outside of PowerShell
[2.953s] DEBUG:colcon.colcon_core.shell:Skip shell extension 'dsv' for command environment
[5.211s] INFO:colcon.colcon_core.task.python.build:Building Python package in '/mnt/c/Users/micah/Documents/SCMS_turtlebot/src/depth_follower'
[5.212s] INFO:colcon.colcon_core.shell:Skip shell extension 'powershell' for command environment: Not usable outside of PowerShell
[5.213s] DEBUG:colcon.colcon_core.shell:Skip shell extension 'dsv' for command environment
[7.545s] INFO:colcon.colcon_core.task.python.build:Building Python package in '/mnt/c/Users/micah/Documents/SCMS_turtlebot/src/warehouse_env'
[7.545s] INFO:colcon.colcon_core.shell:Skip shell extension 'powershell' for command environment: Not usable outside of PowerShell
[7.546s] DEBUG:colcon.colcon_core.shell:Skip shell extension 'dsv' for command environment
[10.659s] DEBUG:colcon.colcon_core.event_handler.log_command:Invoking command in '/mnt/c/Users/micah/Documents/SCMS_turtlebot/build/depth_follower': PYTHONPATH=/mnt/c/Users/micah/Documents/SCMS_turtlebot/build/depth_follower/prefix_override:/usr/lib/python3/dist-packages/colcon_core/task/python/colcon_distutils_commands:/mnt/c/Users/micah/Documents/SCMS_turtlebot/install/depth_follower/lib/python3.10/site-packages:${PYTHONPATH} /usr/bin/python3 -W ignore:setup.py install is deprecated -W ignore:easy_install command is deprecated setup.py develop --editable --build-directory /mnt/c/Users/micah/Documents/SCMS_turtlebot/build/depth_follower/build --no-deps symlink_data
[11.300s] DEBUG:colcon.colcon_core.event_handler.log_command:Invoking command in '/mnt/c/Users/micah/Documents/SCMS_turtlebot/build/warehouse_env': PYTHONPATH=/mnt/c/Users/micah/Documents/SCMS_turtlebot/build/warehouse_env/prefix_override:/usr/lib/python3/dist-packages/colcon_core/task/python/colcon_distutils_commands:/mnt/c/Users/micah/Documents/SCMS_turtlebot/install/warehouse_env/lib/python3.10/site-packages:${PYTHONPATH} /usr/bin/python3 -W ignore:setup.py install is deprecated -W ignore:easy_install command is deprecated setup.py develop --editable --build-directory /mnt/c/Users/micah/Documents/SCMS_turtlebot/build/warehouse_env/build --no-deps symlink_data
[13.915s] Level 1:colcon.colcon_core.shell:create_environment_hook('depth_follower', 'pythonpath_develop')
[13.916s] INFO:colcon.colcon_core.shell:Creating environment hook '/mnt/c/Users/micah/Documents/SCMS_turtlebot/build/depth_follower/share/depth_follower/hook/pythonpath_develop.ps1'
[13.917s] DEBUG:colcon.colcon_core.event_handler.log_command:Invoked command in '/mnt/c/Users/micah/Documents/SCMS_turtlebot/build/depth_follower' returned '0': PYTHONPATH=/mnt/c/Users/micah/Documents/SCMS_turtlebot/build/depth_follower/prefix_override:/usr/lib/python3/dist-packages/colcon_core/task/python/colcon_distutils_commands:/mnt/c/Users/micah/Documents/SCMS_turtlebot/install/depth_follower/lib/python3.10/site-packages:${PYTHONPATH} /usr/bin/python3 -W ignore:setup.py install is deprecated -W ignore:easy_install command is deprecated setup.py develop --editable --build-directory /mnt/c/Users/micah/Documents/SCMS_turtlebot/build/depth_follower/build --no-deps symlink_data
[13.944s] INFO:colcon.colcon_core.shell:Creating environment descriptor '/mnt/c/Users/micah/Documents/SCMS_turtlebot/build/depth_follower/share/depth_follower/hook/pythonpath_develop.dsv'
[13.969s] INFO:colcon.colcon_core.shell:Creating environment hook '/mnt/c/Users/micah/Documents/SCMS_turtlebot/build/depth_follower/share/depth_follower/hook/pythonpath_develop.sh'
[14.023s] Level 1:colcon.colcon_core.environment:checking '/mnt/c/Users/micah/Documents/SCMS_turtlebot/install/depth_follower' for CMake module files
[14.134s] Level 1:colcon.colcon_core.environment:checking '/mnt/c/Users/micah/Documents/SCMS_turtlebot/install/depth_follower' for CMake config files
[14.352s] Level 1:colcon.colcon_core.environment:checking '/mnt/c/Users/micah/Documents/SCMS_turtlebot/install/depth_follower/lib'
[14.360s] Level 1:colcon.colcon_core.environment:checking '/mnt/c/Users/micah/Documents/SCMS_turtlebot/install/depth_follower/bin'
[14.362s] Level 1:colcon.colcon_core.environment:checking '/mnt/c/Users/micah/Documents/SCMS_turtlebot/install/depth_follower/lib/pkgconfig/depth_follower.pc'
[14.365s] Level 1:colcon.colcon_core.environment:checking '/mnt/c/Users/micah/Documents/SCMS_turtlebot/install/depth_follower/lib/python3.10/site-packages'
[14.369s] Level 1:colcon.colcon_core.shell:create_environment_hook('depth_follower', 'pythonpath')
[14.370s] INFO:colcon.colcon_core.shell:Creating environment hook '/mnt/c/Users/micah/Documents/SCMS_turtlebot/install/depth_follower/share/depth_follower/hook/pythonpath.ps1'
[14.400s] INFO:colcon.colcon_core.shell:Creating environment descriptor '/mnt/c/Users/micah/Documents/SCMS_turtlebot/install/depth_follower/share/depth_follower/hook/pythonpath.dsv'
[14.427s] INFO:colcon.colcon_core.shell:Creating environment hook '/mnt/c/Users/micah/Documents/SCMS_turtlebot/install/depth_follower/share/depth_follower/hook/pythonpath.sh'
[14.454s] Level 1:colcon.colcon_core.environment:checking '/mnt/c/Users/micah/Documents/SCMS_turtlebot/install/depth_follower/bin'
[14.456s] Level 1:colcon.colcon_core.environment:create_environment_scripts_only(depth_follower)
[14.457s] INFO:colcon.colcon_core.shell:Creating package script '/mnt/c/Users/micah/Documents/SCMS_turtlebot/install/depth_follower/share/depth_follower/package.ps1'
[14.536s] INFO:colcon.colcon_core.shell:Creating package descriptor '/mnt/c/Users/micah/Documents/SCMS_turtlebot/install/depth_follower/share/depth_follower/package.dsv'
[14.559s] INFO:colcon.colcon_core.shell:Creating package script '/mnt/c/Users/micah/Documents/SCMS_turtlebot/install/depth_follower/share/depth_follower/package.sh'
[14.582s] INFO:colcon.colcon_core.shell:Creating package script '/mnt/c/Users/micah/Documents/SCMS_turtlebot/install/depth_follower/share/depth_follower/package.bash'
[14.612s] INFO:colcon.colcon_core.shell:Creating package script '/mnt/c/Users/micah/Documents/SCMS_turtlebot/install/depth_follower/share/depth_follower/package.zsh'
[14.646s] Level 1:colcon.colcon_core.environment:create_file_with_runtime_dependencies(/mnt/c/Users/micah/Documents/SCMS_turtlebot/install/depth_follower/share/colcon-core/packages/depth_follower)
[15.185s] Level 1:colcon.colcon_core.shell:create_environment_hook('warehouse_env', 'pythonpath_develop')
[15.186s] INFO:colcon.colcon_core.shell:Creating environment hook '/mnt/c/Users/micah/Documents/SCMS_turtlebot/build/warehouse_env/share/warehouse_env/hook/pythonpath_develop.ps1'
[15.187s] DEBUG:colcon.colcon_core.event_handler.log_command:Invoked command in '/mnt/c/Users/micah/Documents/SCMS_turtlebot/build/warehouse_env' returned '0': PYTHONPATH=/mnt/c/Users/micah/Documents/SCMS_turtlebot/build/warehouse_env/prefix_override:/usr/lib/python3/dist-packages/colcon_core/task/python/colcon_distutils_commands:/mnt/c/Users/micah/Documents/SCMS_turtlebot/install/warehouse_env/lib/python3.10/site-packages:${PYTHONPATH} /usr/bin/python3 -W ignore:setup.py install is deprecated -W ignore:easy_install command is deprecated setup.py develop --editable --build-directory /mnt/c/Users/micah/Documents/SCMS_turtlebot/build/warehouse_env/build --no-deps symlink_data
[15.222s] INFO:colcon.colcon_core.shell:Creating environment descriptor '/mnt/c/Users/micah/Documents/SCMS_turtlebot/build/warehouse_env/share/warehouse_env/hook/pythonpath_develop.dsv'
[15.255s] INFO:colcon.colcon_core.shell:Creating environment hook '/mnt/c/Users/micah/Documents/SCMS_turtlebot/build/warehouse_env/share/warehouse_env/hook/pythonpath_develop.sh'
[15.285s] Level 1:colcon.colcon_core.environment:checking '/mnt/c/Users/micah/Documents/SCMS_turtlebot/install/warehouse_env' for CMake module files
[15.394s] Level 1:colcon.colcon_core.environment:checking '/mnt/c/Users/micah/Documents/SCMS_turtlebot/install/warehouse_env' for CMake config files
[15.769s] Level 1:colcon.colcon_core.environment:checking '/mnt/c/Users/micah/Documents/SCMS_turtlebot/install/warehouse_env/lib'
[15.778s] Level 1:colcon.colcon_core.environment:checking '/mnt/c/Users/micah/Documents/SCMS_turtlebot/install/warehouse_env/bin'
[15.781s] Level 1:colcon.colcon_core.environment:checking '/mnt/c/Users/micah/Documents/SCMS_turtlebot/install/warehouse_env/lib/pkgconfig/warehouse_env.pc'
[15.784s] Level 1:colcon.colcon_core.environment:checking '/mnt/c/Users/micah/Documents/SCMS_turtlebot/install/warehouse_env/lib/python3.10/site-packages'
[15.789s] Level 1:colcon.colcon_core.shell:create_environment_hook('warehouse_env', 'pythonpath')
[15.789s] INFO:colcon.colcon_core.shell:Creating environment hook '/mnt/c/Users/micah/Documents/SCMS_turtlebot/install/warehouse_env/share/warehouse_env/hook/pythonpath.ps1'
[15.824s] INFO:colcon.colcon_core.shell:Creating environment descriptor '/mnt/c/Users/micah/Documents/SCMS_turtlebot/install/warehouse_env/share/warehouse_env/hook/pythonpath.dsv'
[15.856s] INFO:colcon.colcon_core.shell:Creating environment hook '/mnt/c/Users/micah/Documents/SCMS_turtlebot/install/warehouse_env/share/warehouse_env/hook/pythonpath.sh'
[15.887s] Level 1:colcon.colcon_core.environment:checking '/mnt/c/Users/micah/Documents/SCMS_turtlebot/install/warehouse_env/bin'
[15.890s] Level 1:colcon.colcon_core.environment:create_environment_scripts_only(warehouse_env)
[15.890s] INFO:colcon.colcon_core.shell:Creating package script '/mnt/c/Users/micah/Documents/SCMS_turtlebot/install/warehouse_env/share/warehouse_env/package.ps1'
[15.976s] INFO:colcon.colcon_core.shell:Creating package descriptor '/mnt/c/Users/micah/Documents/SCMS_turtlebot/install/warehouse_env/share/warehouse_env/package.dsv'
[16.004s] INFO:colcon.colcon_core.shell:Creating package script '/mnt/c/Users/micah/Documents/SCMS_turtlebot/install/warehouse_env/share/warehouse_env/package.sh'
[16.030s] INFO:colcon.colcon_core.shell:Creating package script '/mnt/c/Users/micah/Documents/SCMS_turtlebot/install/warehouse_env/share/warehouse_env/package.bash'
[16.069s] INFO:colcon.colcon_core.shell:Creating package script '/mnt/c/Users/micah/Documents/SCMS_turtlebot/install/warehouse_env/share/warehouse_env/package.zsh'
[16.107s] Level 1:colcon.colcon_core.environment:create_file_with_runtime_dependencies(/mnt/c/Users/micah/Documents/SCMS_turtlebot/install/warehouse_env/share/colcon-core/packages/warehouse_env)
[16.131s] DEBUG:colcon.colcon_parallel_executor.executor.parallel:closing loop
[16.132s] DEBUG:colcon.colcon_parallel_executor.executor.parallel:loop closed
[16.134s] DEBUG:colcon.colcon_parallel_executor.executor.parallel:run_until_complete finished with '0'
[16.135s] DEBUG:colcon.colcon_core.event_reactor:joining thread
[16.274s] INFO:colcon.colcon_core.plugin_system:Skipping extension 'colcon_notification.desktop_notification.notify_send': Could not find 'notify-send'
[16.275s] INFO:colcon.colcon_core.plugin_system:Skipping extension 'colcon_notification.desktop_notification.terminal_notifier': Not used on non-Darwin systems
[16.275s] INFO:colcon.colcon_core.plugin_system:Skipping extension 'colcon_notification.desktop_notification.win32': Not used on non-Windows systems
[16.276s] INFO:colcon.colcon_notification.desktop_notification:Sending desktop notification using 'notify2'
[16.277s] DEBUG:colcon.colcon_notification.desktop_notification.notify2:Failed to initialize notify2: org.freedesktop.DBus.Error.ServiceUnknown: The name org.freedesktop.Notifications was not provided by any .service files
[16.278s] DEBUG:colcon.colcon_core.event_reactor:joined thread
[16.278s] INFO:colcon.colcon_core.shell:Creating prefix script '/mnt/c/Users/micah/Documents/SCMS_turtlebot/install/local_setup.ps1'
[16.347s] INFO:colcon.colcon_core.shell:Creating prefix util module '/mnt/c/Users/micah/Documents/SCMS_turtlebot/install/_local_setup_util_ps1.py'
[16.367s] INFO:colcon.colcon_core.shell:Creating prefix chain script '/mnt/c/Users/micah/Documents/SCMS_turtlebot/install/setup.ps1'
[16.438s] INFO:colcon.colcon_core.shell:Creating prefix script '/mnt/c/Users/micah/Documents/SCMS_turtlebot/install/local_setup.sh'
[16.467s] INFO:colcon.colcon_core.shell:Creating prefix util module '/mnt/c/Users/micah/Documents/SCMS_turtlebot/install/_local_setup_util_sh.py'
[16.487s] INFO:colcon.colcon_core.shell:Creating prefix chain script '/mnt/c/Users/micah/Documents/SCMS_turtlebot/install/setup.sh'
[16.539s] INFO:colcon.colcon_core.shell:Creating prefix script '/mnt/c/Users/micah/Documents/SCMS_turtlebot/install/local_setup.bash'
[16.554s] INFO:colcon.colcon_core.shell:Creating prefix chain script '/mnt/c/Users/micah/Documents/SCMS_turtlebot/install/setup.bash'
[16.601s] INFO:colcon.colcon_core.shell:Creating prefix script '/mnt/c/Users/micah/Documents/SCMS_turtlebot/install/local_setup.zsh'
[16.619s] INFO:colcon.colcon_core.shell:Creating prefix chain script '/mnt/c/Users/micah/Documents/SCMS_turtlebot/install/setup.zsh'
